2025-04-13 12:13:50,922 - Training data: 17495 rows
2025-04-13 12:13:57,396 - Training PPO on EURUSD at 2025-04-13 12:13:57.386858+05:30
2025-04-13 12:14:01,635 - Rollout 2048: ep_rew_mean = -0.0116, actions = {0: 685, 1: 696, 2: 667}, action_pct = {0: 33.447265625, 1: 33.984375, 2: 32.568359375}
2025-04-13 12:14:08,637 - Rollout 4096: ep_rew_mean = -0.0123, actions = {0: 692, 1: 701, 2: 655}, action_pct = {0: 33.7890625, 1: 34.228515625, 2: 31.982421875}
2025-04-13 12:14:15,482 - Rollout 6144: ep_rew_mean = -0.0118, actions = {0: 667, 1: 625, 2: 756}, action_pct = {0: 32.568359375, 1: 30.517578125, 2: 36.9140625}
2025-04-13 12:14:21,200 - Rollout 8192: ep_rew_mean = -0.0099, actions = {0: 699, 1: 661, 2: 688}, action_pct = {0: 34.130859375, 1: 32.275390625, 2: 33.59375}
2025-04-13 12:14:26,651 - Rollout 10240: ep_rew_mean = -0.0237, actions = {0: 824, 1: 608, 2: 616}, action_pct = {0: 40.234375, 1: 29.6875, 2: 30.078125}
2025-04-13 12:14:32,398 - Rollout 12288: ep_rew_mean = -0.0128, actions = {0: 737, 1: 739, 2: 572}, action_pct = {0: 35.986328125, 1: 36.083984375, 2: 27.9296875}
2025-04-13 12:14:37,917 - Rollout 14336: ep_rew_mean = -0.0235, actions = {0: 671, 1: 799, 2: 578}, action_pct = {0: 32.763671875, 1: 39.013671875, 2: 28.22265625}
2025-04-13 12:14:43,634 - Rollout 16384: ep_rew_mean = -0.0116, actions = {0: 547, 1: 845, 2: 656}, action_pct = {0: 26.708984375, 1: 41.259765625, 2: 32.03125}
2025-04-13 12:14:49,501 - Rollout 18432: ep_rew_mean = -0.0121, actions = {0: 649, 1: 745, 2: 654}, action_pct = {0: 31.689453125, 1: 36.376953125, 2: 31.93359375}
2025-04-13 12:14:55,314 - Rollout 20480: ep_rew_mean = -0.0214, actions = {0: 706, 1: 573, 2: 769}, action_pct = {0: 34.47265625, 1: 27.978515625, 2: 37.548828125}
2025-04-13 12:15:01,196 - Rollout 22528: ep_rew_mean = -0.0113, actions = {0: 792, 1: 588, 2: 668}, action_pct = {0: 38.671875, 1: 28.7109375, 2: 32.6171875}
2025-04-13 12:15:06,849 - Rollout 24576: ep_rew_mean = -0.0106, actions = {0: 868, 1: 488, 2: 692}, action_pct = {0: 42.3828125, 1: 23.828125, 2: 33.7890625}
2025-04-13 12:15:12,765 - Rollout 26624: ep_rew_mean = -0.0127, actions = {0: 803, 1: 455, 2: 790}, action_pct = {0: 39.208984375, 1: 22.216796875, 2: 38.57421875}
2025-04-13 12:15:18,256 - Rollout 28672: ep_rew_mean = -0.0212, actions = {0: 726, 1: 539, 2: 783}, action_pct = {0: 35.44921875, 1: 26.318359375, 2: 38.232421875}
2025-04-13 12:15:24,105 - Rollout 30720: ep_rew_mean = -0.0133, actions = {0: 623, 1: 482, 2: 943}, action_pct = {0: 30.419921875, 1: 23.53515625, 2: 46.044921875}
2025-04-13 12:15:29,789 - Rollout 32768: ep_rew_mean = -0.0220, actions = {0: 694, 1: 501, 2: 853}, action_pct = {0: 33.88671875, 1: 24.462890625, 2: 41.650390625}
2025-04-13 12:15:35,549 - Rollout 34816: ep_rew_mean = -0.0124, actions = {0: 703, 1: 575, 2: 770}, action_pct = {0: 34.326171875, 1: 28.076171875, 2: 37.59765625}
2025-04-13 12:15:40,924 - Rollout 36864: ep_rew_mean = -0.0223, actions = {0: 772, 1: 657, 2: 619}, action_pct = {0: 37.6953125, 1: 32.080078125, 2: 30.224609375}
2025-04-13 12:15:47,183 - Rollout 38912: ep_rew_mean = -0.0004, actions = {0: 804, 1: 574, 2: 670}, action_pct = {0: 39.2578125, 1: 28.02734375, 2: 32.71484375}
2025-04-13 12:15:59,560 - Rollout 40960: ep_rew_mean = -0.0101, actions = {0: 822, 1: 704, 2: 522}, action_pct = {0: 40.13671875, 1: 34.375, 2: 25.48828125}
2025-04-13 12:16:15,645 - Rollout 43008: ep_rew_mean = -0.0132, actions = {0: 849, 1: 779, 2: 420}, action_pct = {0: 41.455078125, 1: 38.037109375, 2: 20.5078125}
2025-04-13 12:16:29,837 - Rollout 45056: ep_rew_mean = -0.0103, actions = {0: 1004, 1: 647, 2: 397}, action_pct = {0: 49.0234375, 1: 31.591796875, 2: 19.384765625}
2025-04-13 12:16:44,155 - Rollout 47104: ep_rew_mean = -0.0108, actions = {0: 906, 1: 706, 2: 436}, action_pct = {0: 44.23828125, 1: 34.47265625, 2: 21.2890625}
2025-04-13 12:16:57,279 - Rollout 49152: ep_rew_mean = -0.0119, actions = {0: 896, 1: 716, 2: 436}, action_pct = {0: 43.75, 1: 34.9609375, 2: 21.2890625}
2025-04-13 12:17:11,032 - Rollout 51200: ep_rew_mean = -0.0232, actions = {0: 751, 1: 730, 2: 567}, action_pct = {0: 36.669921875, 1: 35.64453125, 2: 27.685546875}
2025-04-13 12:17:24,097 - Rollout 53248: ep_rew_mean = -0.0005, actions = {0: 801, 1: 745, 2: 502}, action_pct = {0: 39.111328125, 1: 36.376953125, 2: 24.51171875}
2025-04-13 12:17:36,088 - Rollout 55296: ep_rew_mean = -0.0347, actions = {0: 943, 1: 600, 2: 505}, action_pct = {0: 46.044921875, 1: 29.296875, 2: 24.658203125}
2025-04-13 12:17:51,513 - Rollout 57344: ep_rew_mean = -0.0106, actions = {0: 1063, 1: 581, 2: 404}, action_pct = {0: 51.904296875, 1: 28.369140625, 2: 19.7265625}
2025-04-13 12:18:05,292 - Rollout 59392: ep_rew_mean = -0.0114, actions = {0: 1213, 1: 485, 2: 350}, action_pct = {0: 59.228515625, 1: 23.681640625, 2: 17.08984375}
2025-04-13 12:18:19,505 - Rollout 61440: ep_rew_mean = -0.0094, actions = {0: 1170, 1: 490, 2: 388}, action_pct = {0: 57.12890625, 1: 23.92578125, 2: 18.9453125}
2025-04-13 12:18:34,722 - Rollout 63488: ep_rew_mean = -0.0118, actions = {0: 1062, 1: 534, 2: 452}, action_pct = {0: 51.85546875, 1: 26.07421875, 2: 22.0703125}
2025-04-13 12:18:56,834 - Rollout 65536: ep_rew_mean = -0.0205, actions = {0: 1194, 1: 486, 2: 368}, action_pct = {0: 58.30078125, 1: 23.73046875, 2: 17.96875}
2025-04-13 12:19:13,553 - Rollout 67584: ep_rew_mean = -0.0110, actions = {0: 1195, 1: 553, 2: 300}, action_pct = {0: 58.349609375, 1: 27.001953125, 2: 14.6484375}
2025-04-13 12:19:26,560 - Rollout 69632: ep_rew_mean = -0.0113, actions = {0: 1128, 1: 563, 2: 357}, action_pct = {0: 55.078125, 1: 27.490234375, 2: 17.431640625}
2025-04-13 12:19:40,179 - Rollout 71680: ep_rew_mean = -0.0007, actions = {0: 1006, 1: 658, 2: 384}, action_pct = {0: 49.12109375, 1: 32.12890625, 2: 18.75}
2025-04-13 12:19:46,151 - Rollout 73728: ep_rew_mean = -0.0222, actions = {0: 1188, 1: 527, 2: 333}, action_pct = {0: 58.0078125, 1: 25.732421875, 2: 16.259765625}
2025-04-13 12:19:51,939 - Rollout 75776: ep_rew_mean = -0.0101, actions = {0: 1238, 1: 460, 2: 350}, action_pct = {0: 60.44921875, 1: 22.4609375, 2: 17.08984375}
2025-04-13 12:19:57,412 - Rollout 77824: ep_rew_mean = 0.0006, actions = {0: 1309, 1: 392, 2: 347}, action_pct = {0: 63.916015625, 1: 19.140625, 2: 16.943359375}
2025-04-13 12:20:02,863 - Rollout 79872: ep_rew_mean = -0.0005, actions = {0: 1259, 1: 411, 2: 378}, action_pct = {0: 61.474609375, 1: 20.068359375, 2: 18.45703125}
2025-04-13 12:20:10,513 - Rollout 81920: ep_rew_mean = 0.0027, actions = {0: 1387, 1: 350, 2: 311}, action_pct = {0: 67.724609375, 1: 17.08984375, 2: 15.185546875}
2025-04-13 12:20:22,098 - Rollout 83968: ep_rew_mean = -0.0024, actions = {0: 1404, 1: 272, 2: 372}, action_pct = {0: 68.5546875, 1: 13.28125, 2: 18.1640625}
2025-04-13 12:20:30,416 - Rollout 86016: ep_rew_mean = -0.0212, actions = {0: 1525, 1: 215, 2: 308}, action_pct = {0: 74.462890625, 1: 10.498046875, 2: 15.0390625}
2025-04-13 12:20:44,597 - Rollout 88064: ep_rew_mean = 0.0017, actions = {0: 1433, 1: 257, 2: 358}, action_pct = {0: 69.970703125, 1: 12.548828125, 2: 17.48046875}
2025-04-13 12:20:57,423 - Rollout 90112: ep_rew_mean = -0.0105, actions = {0: 1431, 1: 330, 2: 287}, action_pct = {0: 69.873046875, 1: 16.11328125, 2: 14.013671875}
2025-04-13 12:21:12,314 - Rollout 92160: ep_rew_mean = -0.0117, actions = {0: 1418, 1: 373, 2: 257}, action_pct = {0: 69.23828125, 1: 18.212890625, 2: 12.548828125}
2025-04-13 12:21:28,267 - Rollout 94208: ep_rew_mean = -0.0092, actions = {0: 1324, 1: 425, 2: 299}, action_pct = {0: 64.6484375, 1: 20.751953125, 2: 14.599609375}
2025-04-13 12:21:45,645 - Rollout 96256: ep_rew_mean = -0.0003, actions = {0: 1207, 1: 478, 2: 363}, action_pct = {0: 58.935546875, 1: 23.33984375, 2: 17.724609375}
2025-04-13 12:21:59,347 - Rollout 98304: ep_rew_mean = -0.0107, actions = {0: 1180, 1: 596, 2: 272}, action_pct = {0: 57.6171875, 1: 29.1015625, 2: 13.28125}
2025-04-13 12:22:13,776 - Rollout 100352: ep_rew_mean = -0.0017, actions = {0: 1120, 1: 657, 2: 271}, action_pct = {0: 54.6875, 1: 32.080078125, 2: 13.232421875}
2025-04-13 12:22:30,148 - Rollout 102400: ep_rew_mean = -0.0096, actions = {0: 1162, 1: 670, 2: 216}, action_pct = {0: 56.73828125, 1: 32.71484375, 2: 10.546875}
2025-04-13 12:22:47,121 - Rollout 104448: ep_rew_mean = -0.0114, actions = {0: 1263, 1: 553, 2: 232}, action_pct = {0: 61.669921875, 1: 27.001953125, 2: 11.328125}
2025-04-13 12:23:16,667 - Rollout 106496: ep_rew_mean = -0.0093, actions = {0: 1231, 1: 602, 2: 215}, action_pct = {0: 60.107421875, 1: 29.39453125, 2: 10.498046875}
2025-04-13 12:23:39,768 - Rollout 108544: ep_rew_mean = -0.0126, actions = {0: 1319, 1: 465, 2: 264}, action_pct = {0: 64.404296875, 1: 22.705078125, 2: 12.890625}
2025-04-13 12:24:20,949 - Rollout 110592: ep_rew_mean = -0.0199, actions = {0: 1210, 1: 542, 2: 296}, action_pct = {0: 59.08203125, 1: 26.46484375, 2: 14.453125}
2025-04-13 12:24:40,676 - Rollout 112640: ep_rew_mean = -0.0004, actions = {0: 1076, 1: 619, 2: 353}, action_pct = {0: 52.5390625, 1: 30.224609375, 2: 17.236328125}
2025-04-13 12:25:12,509 - Rollout 114688: ep_rew_mean = -0.0224, actions = {0: 1029, 1: 736, 2: 283}, action_pct = {0: 50.244140625, 1: 35.9375, 2: 13.818359375}
2025-04-13 12:25:36,108 - Rollout 116736: ep_rew_mean = -0.0002, actions = {0: 1173, 1: 627, 2: 248}, action_pct = {0: 57.275390625, 1: 30.615234375, 2: 12.109375}
2025-04-13 12:26:01,837 - Rollout 118784: ep_rew_mean = -0.0081, actions = {0: 1349, 1: 500, 2: 199}, action_pct = {0: 65.869140625, 1: 24.4140625, 2: 9.716796875}
2025-04-13 12:26:31,503 - Rollout 120832: ep_rew_mean = -0.0007, actions = {0: 1386, 1: 453, 2: 209}, action_pct = {0: 67.67578125, 1: 22.119140625, 2: 10.205078125}
2025-04-13 12:26:52,083 - Rollout 122880: ep_rew_mean = -0.0110, actions = {0: 1355, 1: 519, 2: 174}, action_pct = {0: 66.162109375, 1: 25.341796875, 2: 8.49609375}
2025-04-13 12:27:12,880 - Rollout 124928: ep_rew_mean = -0.0208, actions = {0: 1463, 1: 434, 2: 151}, action_pct = {0: 71.435546875, 1: 21.19140625, 2: 7.373046875}
2025-04-13 12:27:32,041 - Rollout 126976: ep_rew_mean = 0.0027, actions = {0: 1556, 1: 377, 2: 115}, action_pct = {0: 75.9765625, 1: 18.408203125, 2: 5.615234375}
2025-04-13 12:28:10,607 - Rollout 129024: ep_rew_mean = 0.0011, actions = {0: 1589, 1: 340, 2: 119}, action_pct = {0: 77.587890625, 1: 16.6015625, 2: 5.810546875}
2025-04-13 12:28:34,767 - Rollout 131072: ep_rew_mean = -0.0009, actions = {0: 1616, 1: 299, 2: 133}, action_pct = {0: 78.90625, 1: 14.599609375, 2: 6.494140625}
2025-04-13 12:29:05,784 - Rollout 133120: ep_rew_mean = 0.0035, actions = {0: 1713, 1: 225, 2: 110}, action_pct = {0: 83.642578125, 1: 10.986328125, 2: 5.37109375}
2025-04-13 12:29:33,034 - Rollout 135168: ep_rew_mean = -0.0005, actions = {0: 1621, 1: 292, 2: 135}, action_pct = {0: 79.150390625, 1: 14.2578125, 2: 6.591796875}
2025-04-13 12:29:56,279 - Rollout 137216: ep_rew_mean = -0.0008, actions = {0: 1649, 1: 283, 2: 116}, action_pct = {0: 80.517578125, 1: 13.818359375, 2: 5.6640625}
2025-04-13 12:30:17,152 - Rollout 139264: ep_rew_mean = 0.0028, actions = {0: 1739, 1: 211, 2: 98}, action_pct = {0: 84.912109375, 1: 10.302734375, 2: 4.78515625}
2025-04-13 12:30:32,045 - Rollout 141312: ep_rew_mean = -0.0105, actions = {0: 1741, 1: 216, 2: 91}, action_pct = {0: 85.009765625, 1: 10.546875, 2: 4.443359375}
2025-04-13 12:30:45,877 - Rollout 143360: ep_rew_mean = 0.0021, actions = {0: 1803, 1: 174, 2: 71}, action_pct = {0: 88.037109375, 1: 8.49609375, 2: 3.466796875}
2025-04-13 12:31:03,402 - Rollout 145408: ep_rew_mean = 0.0043, actions = {0: 1760, 1: 217, 2: 71}, action_pct = {0: 85.9375, 1: 10.595703125, 2: 3.466796875}
2025-04-13 12:31:27,570 - Rollout 147456: ep_rew_mean = -0.0008, actions = {0: 1789, 1: 178, 2: 81}, action_pct = {0: 87.353515625, 1: 8.69140625, 2: 3.955078125}
2025-04-13 12:31:53,399 - Rollout 149504: ep_rew_mean = 0.0022, actions = {0: 1817, 1: 162, 2: 69}, action_pct = {0: 88.720703125, 1: 7.91015625, 2: 3.369140625}
2025-04-13 12:32:15,466 - Rollout 151552: ep_rew_mean = 0.0017, actions = {0: 1788, 1: 181, 2: 79}, action_pct = {0: 87.3046875, 1: 8.837890625, 2: 3.857421875}
2025-04-13 12:32:37,319 - Rollout 153600: ep_rew_mean = -0.0007, actions = {0: 1826, 1: 160, 2: 62}, action_pct = {0: 89.16015625, 1: 7.8125, 2: 3.02734375}
2025-04-13 12:32:56,646 - Rollout 155648: ep_rew_mean = -0.0058, actions = {0: 1872, 1: 118, 2: 58}, action_pct = {0: 91.40625, 1: 5.76171875, 2: 2.83203125}
2025-04-13 12:33:09,660 - Rollout 157696: ep_rew_mean = 0.0009, actions = {0: 1832, 1: 170, 2: 46}, action_pct = {0: 89.453125, 1: 8.30078125, 2: 2.24609375}
2025-04-13 12:33:15,183 - Rollout 159744: ep_rew_mean = 0.0014, actions = {0: 1869, 1: 149, 2: 30}, action_pct = {0: 91.259765625, 1: 7.275390625, 2: 1.46484375}
2025-04-13 12:33:20,896 - Rollout 161792: ep_rew_mean = 0.0052, actions = {0: 1889, 1: 123, 2: 36}, action_pct = {0: 92.236328125, 1: 6.005859375, 2: 1.7578125}
2025-04-13 12:33:27,246 - Rollout 163840: ep_rew_mean = 0.0012, actions = {0: 1840, 1: 194, 2: 14}, action_pct = {0: 89.84375, 1: 9.47265625, 2: 0.68359375}
2025-04-13 12:33:33,160 - Rollout 165888: ep_rew_mean = -0.0001, actions = {0: 1838, 1: 169, 2: 41}, action_pct = {0: 89.74609375, 1: 8.251953125, 2: 2.001953125}
2025-04-13 12:33:39,849 - Rollout 167936: ep_rew_mean = 0.0018, actions = {0: 1790, 1: 218, 2: 40}, action_pct = {0: 87.40234375, 1: 10.64453125, 2: 1.953125}
2025-04-13 12:34:02,640 - Rollout 169984: ep_rew_mean = -0.0108, actions = {0: 1830, 1: 174, 2: 44}, action_pct = {0: 89.35546875, 1: 8.49609375, 2: 2.1484375}
2025-04-13 12:34:23,270 - Rollout 172032: ep_rew_mean = -0.0045, actions = {0: 1822, 1: 180, 2: 46}, action_pct = {0: 88.96484375, 1: 8.7890625, 2: 2.24609375}
2025-04-13 12:34:34,618 - Rollout 174080: ep_rew_mean = 0.0019, actions = {0: 1782, 1: 216, 2: 50}, action_pct = {0: 87.01171875, 1: 10.546875, 2: 2.44140625}
2025-04-13 12:34:40,537 - Rollout 176128: ep_rew_mean = -0.0083, actions = {0: 1757, 1: 208, 2: 83}, action_pct = {0: 85.791015625, 1: 10.15625, 2: 4.052734375}
2025-04-13 12:34:46,121 - Rollout 178176: ep_rew_mean = 0.0010, actions = {0: 1723, 1: 260, 2: 65}, action_pct = {0: 84.130859375, 1: 12.6953125, 2: 3.173828125}
2025-04-13 12:34:51,418 - Rollout 180224: ep_rew_mean = 0.0026, actions = {0: 1788, 1: 215, 2: 45}, action_pct = {0: 87.3046875, 1: 10.498046875, 2: 2.197265625}
2025-04-13 12:34:56,652 - Rollout 182272: ep_rew_mean = -0.0102, actions = {0: 1796, 1: 200, 2: 52}, action_pct = {0: 87.6953125, 1: 9.765625, 2: 2.5390625}
2025-04-13 12:35:02,246 - Rollout 184320: ep_rew_mean = 0.0031, actions = {0: 1837, 1: 162, 2: 49}, action_pct = {0: 89.697265625, 1: 7.91015625, 2: 2.392578125}
2025-04-13 12:35:07,609 - Rollout 186368: ep_rew_mean = -0.0072, actions = {0: 1853, 1: 146, 2: 49}, action_pct = {0: 90.478515625, 1: 7.12890625, 2: 2.392578125}
2025-04-13 12:35:12,788 - Rollout 188416: ep_rew_mean = 0.0061, actions = {0: 1808, 1: 164, 2: 76}, action_pct = {0: 88.28125, 1: 8.0078125, 2: 3.7109375}
2025-04-13 12:35:18,299 - Rollout 190464: ep_rew_mean = 0.0005, actions = {0: 1733, 1: 241, 2: 74}, action_pct = {0: 84.619140625, 1: 11.767578125, 2: 3.61328125}
2025-04-13 12:35:24,782 - Rollout 192512: ep_rew_mean = 0.0011, actions = {0: 1742, 1: 252, 2: 54}, action_pct = {0: 85.05859375, 1: 12.3046875, 2: 2.63671875}
2025-04-13 12:35:31,470 - Rollout 194560: ep_rew_mean = 0.0017, actions = {0: 1732, 1: 259, 2: 57}, action_pct = {0: 84.5703125, 1: 12.646484375, 2: 2.783203125}
2025-04-13 12:35:37,530 - Rollout 196608: ep_rew_mean = 0.0014, actions = {0: 1689, 1: 315, 2: 44}, action_pct = {0: 82.470703125, 1: 15.380859375, 2: 2.1484375}
2025-04-13 12:35:44,097 - Rollout 198656: ep_rew_mean = 0.0005, actions = {0: 1737, 1: 268, 2: 43}, action_pct = {0: 84.814453125, 1: 13.0859375, 2: 2.099609375}
2025-04-13 12:35:49,897 - Rollout 200704: ep_rew_mean = 0.0014, actions = {0: 1797, 1: 210, 2: 41}, action_pct = {0: 87.744140625, 1: 10.25390625, 2: 2.001953125}
2025-04-13 12:35:55,249 - Rollout 202752: ep_rew_mean = -0.0081, actions = {0: 1855, 1: 163, 2: 30}, action_pct = {0: 90.576171875, 1: 7.958984375, 2: 1.46484375}
2025-04-13 12:36:00,817 - Rollout 204800: ep_rew_mean = 0.0039, actions = {0: 1874, 1: 140, 2: 34}, action_pct = {0: 91.50390625, 1: 6.8359375, 2: 1.66015625}
2025-04-13 12:36:06,253 - Rollout 206848: ep_rew_mean = 0.0018, actions = {0: 1848, 1: 173, 2: 27}, action_pct = {0: 90.234375, 1: 8.447265625, 2: 1.318359375}
2025-04-13 12:36:11,764 - Rollout 208896: ep_rew_mean = -0.0067, actions = {0: 1868, 1: 142, 2: 38}, action_pct = {0: 91.2109375, 1: 6.93359375, 2: 1.85546875}
2025-04-13 12:36:18,350 - Rollout 210944: ep_rew_mean = 0.0045, actions = {0: 1876, 1: 151, 2: 21}, action_pct = {0: 91.6015625, 1: 7.373046875, 2: 1.025390625}
2025-04-13 12:36:25,123 - Rollout 212992: ep_rew_mean = 0.0043, actions = {0: 1872, 1: 148, 2: 28}, action_pct = {0: 91.40625, 1: 7.2265625, 2: 1.3671875}
2025-04-13 12:36:31,860 - Rollout 215040: ep_rew_mean = 0.0034, actions = {0: 1922, 1: 103, 2: 23}, action_pct = {0: 93.84765625, 1: 5.029296875, 2: 1.123046875}
2025-04-13 12:36:38,230 - Rollout 217088: ep_rew_mean = -0.0081, actions = {0: 1912, 1: 115, 2: 21}, action_pct = {0: 93.359375, 1: 5.615234375, 2: 1.025390625}
2025-04-13 12:36:49,878 - Rollout 219136: ep_rew_mean = 0.0094, actions = {0: 1936, 1: 93, 2: 19}, action_pct = {0: 94.53125, 1: 4.541015625, 2: 0.927734375}
2025-04-13 12:37:08,485 - Rollout 221184: ep_rew_mean = 0.0036, actions = {0: 1954, 1: 84, 2: 10}, action_pct = {0: 95.41015625, 1: 4.1015625, 2: 0.48828125}
2025-04-13 12:37:16,809 - Rollout 223232: ep_rew_mean = -0.0001, actions = {0: 1984, 1: 56, 2: 8}, action_pct = {0: 96.875, 1: 2.734375, 2: 0.390625}
2025-04-13 12:37:23,192 - Rollout 225280: ep_rew_mean = 0.0066, actions = {0: 1966, 1: 69, 2: 13}, action_pct = {0: 95.99609375, 1: 3.369140625, 2: 0.634765625}
2025-04-13 12:37:28,607 - Rollout 227328: ep_rew_mean = 0.0016, actions = {0: 1973, 1: 67, 2: 8}, action_pct = {0: 96.337890625, 1: 3.271484375, 2: 0.390625}
2025-04-13 12:37:34,382 - Rollout 229376: ep_rew_mean = 0.0044, actions = {0: 1951, 1: 82, 2: 15}, action_pct = {0: 95.263671875, 1: 4.00390625, 2: 0.732421875}
2025-04-13 12:37:39,837 - Rollout 231424: ep_rew_mean = 0.0022, actions = {0: 1916, 1: 121, 2: 11}, action_pct = {0: 93.5546875, 1: 5.908203125, 2: 0.537109375}
2025-04-13 12:37:45,546 - Rollout 233472: ep_rew_mean = 0.0014, actions = {0: 1996, 1: 45, 2: 7}, action_pct = {0: 97.4609375, 1: 2.197265625, 2: 0.341796875}
2025-04-13 12:37:51,659 - Rollout 235520: ep_rew_mean = 0.0094, actions = {0: 2007, 1: 37, 2: 4}, action_pct = {0: 97.998046875, 1: 1.806640625, 2: 0.1953125}
2025-04-13 12:37:57,355 - Rollout 237568: ep_rew_mean = 0.0080, actions = {0: 2012, 1: 31, 2: 5}, action_pct = {0: 98.2421875, 1: 1.513671875, 2: 0.244140625}
2025-04-13 12:38:03,502 - Rollout 239616: ep_rew_mean = 0.0019, actions = {0: 1986, 1: 51, 2: 11}, action_pct = {0: 96.97265625, 1: 2.490234375, 2: 0.537109375}
2025-04-13 12:38:09,154 - Rollout 241664: ep_rew_mean = 0.0033, actions = {0: 2014, 1: 29, 2: 5}, action_pct = {0: 98.33984375, 1: 1.416015625, 2: 0.244140625}
2025-04-13 12:38:14,768 - Rollout 243712: ep_rew_mean = 0.0044, actions = {0: 2006, 1: 33, 2: 9}, action_pct = {0: 97.94921875, 1: 1.611328125, 2: 0.439453125}
2025-04-13 12:38:20,544 - Rollout 245760: ep_rew_mean = 0.0095, actions = {0: 2004, 1: 36, 2: 8}, action_pct = {0: 97.8515625, 1: 1.7578125, 2: 0.390625}
2025-04-13 12:38:26,395 - Rollout 247808: ep_rew_mean = 0.0046, actions = {0: 1996, 1: 40, 2: 12}, action_pct = {0: 97.4609375, 1: 1.953125, 2: 0.5859375}
2025-04-13 12:38:31,985 - Rollout 249856: ep_rew_mean = 0.0049, actions = {0: 2014, 1: 28, 2: 6}, action_pct = {0: 98.33984375, 1: 1.3671875, 2: 0.29296875}
2025-04-13 12:38:37,615 - Rollout 251904: ep_rew_mean = 0.0059, actions = {0: 2043, 1: 4, 2: 1}, action_pct = {0: 99.755859375, 1: 0.1953125, 2: 0.048828125}
2025-04-13 12:38:43,342 - Rollout 253952: ep_rew_mean = 0.0085, actions = {0: 2028, 1: 12, 2: 8}, action_pct = {0: 99.0234375, 1: 0.5859375, 2: 0.390625}
2025-04-13 12:38:49,862 - Rollout 256000: ep_rew_mean = 0.0076, actions = {0: 2020, 1: 25, 2: 3}, action_pct = {0: 98.6328125, 1: 1.220703125, 2: 0.146484375}
2025-04-13 12:38:56,699 - Rollout 258048: ep_rew_mean = 0.0064, actions = {0: 2024, 1: 18, 2: 6}, action_pct = {0: 98.828125, 1: 0.87890625, 2: 0.29296875}
2025-04-13 12:39:04,136 - Rollout 260096: ep_rew_mean = 0.0048, actions = {0: 2018, 1: 26, 2: 4}, action_pct = {0: 98.53515625, 1: 1.26953125, 2: 0.1953125}
2025-04-13 12:39:12,285 - Rollout 262144: ep_rew_mean = 0.0170, actions = {0: 2030, 1: 18, 2: 0}, action_pct = {0: 99.12109375, 1: 0.87890625, 2: 0.0}
2025-04-13 12:39:18,871 - Rollout 264192: ep_rew_mean = 0.0087, actions = {0: 2022, 1: 23, 2: 3}, action_pct = {0: 98.73046875, 1: 1.123046875, 2: 0.146484375}
2025-04-13 12:39:26,382 - Rollout 266240: ep_rew_mean = 0.0043, actions = {0: 2022, 1: 24, 2: 2}, action_pct = {0: 98.73046875, 1: 1.171875, 2: 0.09765625}
2025-04-13 12:39:35,532 - Rollout 268288: ep_rew_mean = 0.0126, actions = {0: 2039, 1: 7, 2: 2}, action_pct = {0: 99.560546875, 1: 0.341796875, 2: 0.09765625}
2025-04-13 12:39:41,463 - Rollout 270336: ep_rew_mean = 0.0095, actions = {0: 2024, 1: 18, 2: 6}, action_pct = {0: 98.828125, 1: 0.87890625, 2: 0.29296875}
2025-04-13 12:39:47,532 - Rollout 272384: ep_rew_mean = 0.0063, actions = {0: 1998, 1: 43, 2: 7}, action_pct = {0: 97.55859375, 1: 2.099609375, 2: 0.341796875}
2025-04-13 12:39:54,226 - Rollout 274432: ep_rew_mean = -0.0015, actions = {0: 2030, 1: 16, 2: 2}, action_pct = {0: 99.12109375, 1: 0.78125, 2: 0.09765625}
2025-04-13 12:40:01,315 - Rollout 276480: ep_rew_mean = 0.0095, actions = {0: 2026, 1: 19, 2: 3}, action_pct = {0: 98.92578125, 1: 0.927734375, 2: 0.146484375}
2025-04-13 12:40:07,756 - Rollout 278528: ep_rew_mean = 0.0035, actions = {0: 2032, 1: 12, 2: 4}, action_pct = {0: 99.21875, 1: 0.5859375, 2: 0.1953125}
2025-04-13 12:40:14,758 - Rollout 280576: ep_rew_mean = 0.0134, actions = {0: 2036, 1: 11, 2: 1}, action_pct = {0: 99.4140625, 1: 0.537109375, 2: 0.048828125}
2025-04-13 12:40:21,341 - Rollout 282624: ep_rew_mean = 0.0090, actions = {0: 2022, 1: 22, 2: 4}, action_pct = {0: 98.73046875, 1: 1.07421875, 2: 0.1953125}
2025-04-13 12:40:38,346 - Rollout 284672: ep_rew_mean = -0.0029, actions = {0: 2036, 1: 7, 2: 5}, action_pct = {0: 99.4140625, 1: 0.341796875, 2: 0.244140625}
2025-04-13 12:40:58,090 - Rollout 286720: ep_rew_mean = 0.0082, actions = {0: 2042, 1: 5, 2: 1}, action_pct = {0: 99.70703125, 1: 0.244140625, 2: 0.048828125}
2025-04-13 12:41:17,091 - Rollout 288768: ep_rew_mean = 0.0023, actions = {0: 2032, 1: 15, 2: 1}, action_pct = {0: 99.21875, 1: 0.732421875, 2: 0.048828125}
2025-04-13 12:41:35,945 - Rollout 290816: ep_rew_mean = 0.0011, actions = {0: 2038, 1: 8, 2: 2}, action_pct = {0: 99.51171875, 1: 0.390625, 2: 0.09765625}
2025-04-13 12:41:55,059 - Rollout 292864: ep_rew_mean = 0.0101, actions = {0: 2036, 1: 10, 2: 2}, action_pct = {0: 99.4140625, 1: 0.48828125, 2: 0.09765625}
2025-04-13 12:42:07,923 - Rollout 294912: ep_rew_mean = 0.0054, actions = {0: 2046, 1: 2, 2: 0}, action_pct = {0: 99.90234375, 1: 0.09765625, 2: 0.0}
2025-04-13 12:42:18,428 - Rollout 296960: ep_rew_mean = 0.0079, actions = {0: 2044, 1: 2, 2: 2}, action_pct = {0: 99.8046875, 1: 0.09765625, 2: 0.09765625}
2025-04-13 12:42:28,853 - Rollout 299008: ep_rew_mean = 0.0616, actions = {0: 2042, 1: 5, 2: 1}, action_pct = {0: 99.70703125, 1: 0.244140625, 2: 0.048828125}
2025-04-13 12:42:38,474 - Rollout 301056: ep_rew_mean = 0.0193, actions = {0: 2046, 1: 1, 2: 1}, action_pct = {0: 99.90234375, 1: 0.048828125, 2: 0.048828125}
2025-04-13 12:42:45,981 - Rollout 303104: ep_rew_mean = 0.0348, actions = {0: 2045, 1: 2, 2: 1}, action_pct = {0: 99.853515625, 1: 0.09765625, 2: 0.048828125}
2025-04-13 12:43:03,267 - Rollout 305152: ep_rew_mean = 0.0323, actions = {0: 2046, 1: 1, 2: 1}, action_pct = {0: 99.90234375, 1: 0.048828125, 2: 0.048828125}
2025-04-13 12:43:20,291 - Rollout 307200: ep_rew_mean = 0.0510, actions = {0: 2048, 1: 0, 2: 0}, action_pct = {0: 100.0, 1: 0.0, 2: 0.0}
2025-04-13 12:43:36,358 - Rollout 309248: ep_rew_mean = 0.0007, actions = {0: 2048, 1: 0, 2: 0}, action_pct = {0: 100.0, 1: 0.0, 2: 0.0}
2025-04-13 12:43:51,240 - Rollout 311296: ep_rew_mean = 0.0302, actions = {0: 2048, 1: 0, 2: 0}, action_pct = {0: 100.0, 1: 0.0, 2: 0.0}
2025-04-13 12:44:08,129 - Rollout 313344: ep_rew_mean = 0.0044, actions = {0: 2048, 1: 0, 2: 0}, action_pct = {0: 100.0, 1: 0.0, 2: 0.0}
2025-04-13 12:44:33,248 - Rollout 315392: ep_rew_mean = 0.0013, actions = {0: 2046, 1: 2, 2: 0}, action_pct = {0: 99.90234375, 1: 0.09765625, 2: 0.0}
2025-04-13 12:44:56,308 - Rollout 317440: ep_rew_mean = 0.0128, actions = {0: 2038, 1: 10, 2: 0}, action_pct = {0: 99.51171875, 1: 0.48828125, 2: 0.0}
2025-04-13 12:45:20,031 - Rollout 319488: ep_rew_mean = 0.0042, actions = {0: 2047, 1: 1, 2: 0}, action_pct = {0: 99.951171875, 1: 0.048828125, 2: 0.0}
2025-04-13 12:45:46,706 - Rollout 321536: ep_rew_mean = 0.0373, actions = {0: 2042, 1: 3, 2: 3}, action_pct = {0: 99.70703125, 1: 0.146484375, 2: 0.146484375}
2025-04-13 12:45:53,463 - Rollout 323584: ep_rew_mean = 0.0240, actions = {0: 2048, 1: 0, 2: 0}, action_pct = {0: 100.0, 1: 0.0, 2: 0.0}
2025-04-13 12:45:59,356 - Rollout 325632: ep_rew_mean = 0.0045, actions = {0: 2034, 1: 9, 2: 5}, action_pct = {0: 99.31640625, 1: 0.439453125, 2: 0.244140625}
2025-04-13 12:46:05,013 - Rollout 327680: ep_rew_mean = 0.0070, actions = {0: 2034, 1: 8, 2: 6}, action_pct = {0: 99.31640625, 1: 0.390625, 2: 0.29296875}
2025-04-13 12:46:10,668 - Rollout 329728: ep_rew_mean = 0.0148, actions = {0: 2048, 1: 0, 2: 0}, action_pct = {0: 100.0, 1: 0.0, 2: 0.0}
2025-04-13 12:46:16,591 - Rollout 331776: ep_rew_mean = 0.0009, actions = {0: 2040, 1: 6, 2: 2}, action_pct = {0: 99.609375, 1: 0.29296875, 2: 0.09765625}
2025-04-13 12:46:22,168 - Rollout 333824: ep_rew_mean = 0.0088, actions = {0: 2038, 1: 5, 2: 5}, action_pct = {0: 99.51171875, 1: 0.244140625, 2: 0.244140625}
2025-04-13 12:46:27,981 - Rollout 335872: ep_rew_mean = 0.0040, actions = {0: 2036, 1: 9, 2: 3}, action_pct = {0: 99.4140625, 1: 0.439453125, 2: 0.146484375}
2025-04-13 12:46:33,429 - Rollout 337920: ep_rew_mean = 0.0378, actions = {0: 2045, 1: 2, 2: 1}, action_pct = {0: 99.853515625, 1: 0.09765625, 2: 0.048828125}
2025-04-13 12:46:39,227 - Rollout 339968: ep_rew_mean = 0.0575, actions = {0: 2046, 1: 2, 2: 0}, action_pct = {0: 99.90234375, 1: 0.09765625, 2: 0.0}
2025-04-13 12:46:44,827 - Rollout 342016: ep_rew_mean = 0.0214, actions = {0: 2034, 1: 13, 2: 1}, action_pct = {0: 99.31640625, 1: 0.634765625, 2: 0.048828125}
2025-04-13 12:46:50,483 - Rollout 344064: ep_rew_mean = 0.0000, actions = {0: 2048, 1: 0, 2: 0}, action_pct = {0: 100.0, 1: 0.0, 2: 0.0}
2025-04-13 12:46:56,202 - Rollout 346112: ep_rew_mean = 0.0043, actions = {0: 2024, 1: 21, 2: 3}, action_pct = {0: 98.828125, 1: 1.025390625, 2: 0.146484375}
2025-04-13 12:47:01,862 - Rollout 348160: ep_rew_mean = 0.0072, actions = {0: 2034, 1: 12, 2: 2}, action_pct = {0: 99.31640625, 1: 0.5859375, 2: 0.09765625}
2025-04-13 12:47:07,595 - Rollout 350208: ep_rew_mean = 0.0020, actions = {0: 2038, 1: 8, 2: 2}, action_pct = {0: 99.51171875, 1: 0.390625, 2: 0.09765625}
2025-04-13 12:47:13,412 - Rollout 352256: ep_rew_mean = 0.0068, actions = {0: 2022, 1: 26, 2: 0}, action_pct = {0: 98.73046875, 1: 1.26953125, 2: 0.0}
2025-04-13 12:47:18,884 - Rollout 354304: ep_rew_mean = -0.0020, actions = {0: 2031, 1: 17, 2: 0}, action_pct = {0: 99.169921875, 1: 0.830078125, 2: 0.0}
2025-04-13 12:47:24,449 - Rollout 356352: ep_rew_mean = 0.0171, actions = {0: 2028, 1: 19, 2: 1}, action_pct = {0: 99.0234375, 1: 0.927734375, 2: 0.048828125}
2025-04-13 12:47:30,189 - Rollout 358400: ep_rew_mean = 0.0039, actions = {0: 2014, 1: 32, 2: 2}, action_pct = {0: 98.33984375, 1: 1.5625, 2: 0.09765625}
2025-04-13 12:47:35,840 - Rollout 360448: ep_rew_mean = 0.0005, actions = {0: 1994, 1: 48, 2: 6}, action_pct = {0: 97.36328125, 1: 2.34375, 2: 0.29296875}
2025-04-13 12:47:41,502 - Rollout 362496: ep_rew_mean = 0.0025, actions = {0: 2003, 1: 42, 2: 3}, action_pct = {0: 97.802734375, 1: 2.05078125, 2: 0.146484375}
2025-04-13 12:47:47,855 - Rollout 364544: ep_rew_mean = 0.0039, actions = {0: 2015, 1: 32, 2: 1}, action_pct = {0: 98.388671875, 1: 1.5625, 2: 0.048828125}
2025-04-13 12:47:53,613 - Rollout 366592: ep_rew_mean = 0.0030, actions = {0: 2028, 1: 20, 2: 0}, action_pct = {0: 99.0234375, 1: 0.9765625, 2: 0.0}
2025-04-13 12:47:59,490 - Rollout 368640: ep_rew_mean = 0.0034, actions = {0: 1928, 1: 117, 2: 3}, action_pct = {0: 94.140625, 1: 5.712890625, 2: 0.146484375}
2025-04-13 12:48:05,403 - Rollout 370688: ep_rew_mean = -0.0003, actions = {0: 2004, 1: 44, 2: 0}, action_pct = {0: 97.8515625, 1: 2.1484375, 2: 0.0}
2025-04-13 12:48:11,289 - Rollout 372736: ep_rew_mean = 0.0013, actions = {0: 1997, 1: 49, 2: 2}, action_pct = {0: 97.509765625, 1: 2.392578125, 2: 0.09765625}
2025-04-13 12:48:17,032 - Rollout 374784: ep_rew_mean = 0.0035, actions = {0: 1982, 1: 60, 2: 6}, action_pct = {0: 96.77734375, 1: 2.9296875, 2: 0.29296875}
2025-04-13 12:48:22,670 - Rollout 376832: ep_rew_mean = 0.0010, actions = {0: 1891, 1: 153, 2: 4}, action_pct = {0: 92.333984375, 1: 7.470703125, 2: 0.1953125}
2025-04-13 12:48:28,272 - Rollout 378880: ep_rew_mean = -0.0006, actions = {0: 2003, 1: 41, 2: 4}, action_pct = {0: 97.802734375, 1: 2.001953125, 2: 0.1953125}
2025-04-13 12:48:33,824 - Rollout 380928: ep_rew_mean = 0.0018, actions = {0: 1906, 1: 129, 2: 13}, action_pct = {0: 93.06640625, 1: 6.298828125, 2: 0.634765625}
2025-04-13 12:48:40,112 - Rollout 382976: ep_rew_mean = 0.0028, actions = {0: 2004, 1: 41, 2: 3}, action_pct = {0: 97.8515625, 1: 2.001953125, 2: 0.146484375}
2025-04-13 12:48:45,868 - Rollout 385024: ep_rew_mean = 0.0026, actions = {0: 2010, 1: 34, 2: 4}, action_pct = {0: 98.14453125, 1: 1.66015625, 2: 0.1953125}
2025-04-13 12:48:51,857 - Rollout 387072: ep_rew_mean = 0.0024, actions = {0: 1812, 1: 216, 2: 20}, action_pct = {0: 88.4765625, 1: 10.546875, 2: 0.9765625}
2025-04-13 12:48:57,223 - Rollout 389120: ep_rew_mean = -0.0062, actions = {0: 2029, 1: 15, 2: 4}, action_pct = {0: 99.072265625, 1: 0.732421875, 2: 0.1953125}
2025-04-13 12:49:02,896 - Rollout 391168: ep_rew_mean = 0.0262, actions = {0: 2028, 1: 15, 2: 5}, action_pct = {0: 99.0234375, 1: 0.732421875, 2: 0.244140625}
2025-04-13 12:49:08,721 - Rollout 393216: ep_rew_mean = 0.0030, actions = {0: 2010, 1: 31, 2: 7}, action_pct = {0: 98.14453125, 1: 1.513671875, 2: 0.341796875}
2025-04-13 12:49:14,400 - Rollout 395264: ep_rew_mean = 0.0014, actions = {0: 1988, 1: 58, 2: 2}, action_pct = {0: 97.0703125, 1: 2.83203125, 2: 0.09765625}
2025-04-13 12:49:20,173 - Rollout 397312: ep_rew_mean = 0.0029, actions = {0: 2020, 1: 27, 2: 1}, action_pct = {0: 98.6328125, 1: 1.318359375, 2: 0.048828125}
2025-04-13 12:49:25,956 - Rollout 399360: ep_rew_mean = 0.0058, actions = {0: 2024, 1: 23, 2: 1}, action_pct = {0: 98.828125, 1: 1.123046875, 2: 0.048828125}
2025-04-13 12:49:31,714 - Rollout 401408: ep_rew_mean = 0.0022, actions = {0: 2044, 1: 3, 2: 1}, action_pct = {0: 99.8046875, 1: 0.146484375, 2: 0.048828125}
2025-04-13 12:49:37,216 - Rollout 403456: ep_rew_mean = 0.0007, actions = {0: 1605, 1: 409, 2: 34}, action_pct = {0: 78.369140625, 1: 19.970703125, 2: 1.66015625}
2025-04-13 12:49:42,924 - Rollout 405504: ep_rew_mean = -0.0005, actions = {0: 1623, 1: 393, 2: 32}, action_pct = {0: 79.248046875, 1: 19.189453125, 2: 1.5625}
2025-04-13 12:49:49,187 - Rollout 407552: ep_rew_mean = 0.0001, actions = {0: 1945, 1: 96, 2: 7}, action_pct = {0: 94.970703125, 1: 4.6875, 2: 0.341796875}
2025-04-13 12:49:55,300 - Rollout 409600: ep_rew_mean = 0.0015, actions = {0: 1750, 1: 284, 2: 14}, action_pct = {0: 85.44921875, 1: 13.8671875, 2: 0.68359375}
2025-04-13 12:50:00,956 - Rollout 411648: ep_rew_mean = 0.0004, actions = {0: 1650, 1: 366, 2: 32}, action_pct = {0: 80.56640625, 1: 17.87109375, 2: 1.5625}
2025-04-13 12:50:06,787 - Rollout 413696: ep_rew_mean = 0.0011, actions = {0: 1974, 1: 68, 2: 6}, action_pct = {0: 96.38671875, 1: 3.3203125, 2: 0.29296875}
2025-04-13 12:50:12,150 - Rollout 415744: ep_rew_mean = 0.0006, actions = {0: 1828, 1: 203, 2: 17}, action_pct = {0: 89.2578125, 1: 9.912109375, 2: 0.830078125}
2025-04-13 12:50:17,693 - Rollout 417792: ep_rew_mean = 0.0003, actions = {0: 1956, 1: 84, 2: 8}, action_pct = {0: 95.5078125, 1: 4.1015625, 2: 0.390625}
2025-04-13 12:50:23,347 - Rollout 419840: ep_rew_mean = -0.0062, actions = {0: 1980, 1: 65, 2: 3}, action_pct = {0: 96.6796875, 1: 3.173828125, 2: 0.146484375}
2025-04-13 12:50:28,885 - Rollout 421888: ep_rew_mean = 0.0021, actions = {0: 1894, 1: 141, 2: 13}, action_pct = {0: 92.48046875, 1: 6.884765625, 2: 0.634765625}
2025-04-13 12:50:34,390 - Rollout 423936: ep_rew_mean = -0.0002, actions = {0: 1802, 1: 232, 2: 14}, action_pct = {0: 87.98828125, 1: 11.328125, 2: 0.68359375}
2025-04-13 12:50:40,237 - Rollout 425984: ep_rew_mean = 0.0035, actions = {0: 1982, 1: 59, 2: 7}, action_pct = {0: 96.77734375, 1: 2.880859375, 2: 0.341796875}
2025-04-13 12:50:45,645 - Rollout 428032: ep_rew_mean = -0.0000, actions = {0: 1960, 1: 76, 2: 12}, action_pct = {0: 95.703125, 1: 3.7109375, 2: 0.5859375}
2025-04-13 12:50:51,486 - Rollout 430080: ep_rew_mean = 0.0020, actions = {0: 2006, 1: 37, 2: 5}, action_pct = {0: 97.94921875, 1: 1.806640625, 2: 0.244140625}
2025-04-13 12:50:57,097 - Rollout 432128: ep_rew_mean = 0.0070, actions = {0: 1930, 1: 109, 2: 9}, action_pct = {0: 94.23828125, 1: 5.322265625, 2: 0.439453125}
2025-04-13 12:51:02,914 - Rollout 434176: ep_rew_mean = -0.0004, actions = {0: 1860, 1: 170, 2: 18}, action_pct = {0: 90.8203125, 1: 8.30078125, 2: 0.87890625}
2025-04-13 12:51:08,342 - Rollout 436224: ep_rew_mean = 0.0042, actions = {0: 2023, 1: 22, 2: 3}, action_pct = {0: 98.779296875, 1: 1.07421875, 2: 0.146484375}
2025-04-13 12:51:14,074 - Rollout 438272: ep_rew_mean = 0.0037, actions = {0: 1988, 1: 55, 2: 5}, action_pct = {0: 97.0703125, 1: 2.685546875, 2: 0.244140625}
2025-04-13 12:51:19,709 - Rollout 440320: ep_rew_mean = 0.0015, actions = {0: 1948, 1: 97, 2: 3}, action_pct = {0: 95.1171875, 1: 4.736328125, 2: 0.146484375}
2025-04-13 12:51:25,553 - Rollout 442368: ep_rew_mean = -0.0002, actions = {0: 2038, 1: 10, 2: 0}, action_pct = {0: 99.51171875, 1: 0.48828125, 2: 0.0}
2025-04-13 12:51:31,099 - Rollout 444416: ep_rew_mean = 0.0031, actions = {0: 1922, 1: 114, 2: 12}, action_pct = {0: 93.84765625, 1: 5.56640625, 2: 0.5859375}
2025-04-13 12:51:36,642 - Rollout 446464: ep_rew_mean = 0.0056, actions = {0: 2022, 1: 23, 2: 3}, action_pct = {0: 98.73046875, 1: 1.123046875, 2: 0.146484375}
2025-04-13 12:51:42,010 - Rollout 448512: ep_rew_mean = 0.0045, actions = {0: 2038, 1: 9, 2: 1}, action_pct = {0: 99.51171875, 1: 0.439453125, 2: 0.048828125}
2025-04-13 12:51:47,660 - Rollout 450560: ep_rew_mean = 0.0038, actions = {0: 1970, 1: 70, 2: 8}, action_pct = {0: 96.19140625, 1: 3.41796875, 2: 0.390625}
2025-04-13 12:51:53,109 - Rollout 452608: ep_rew_mean = -0.0021, actions = {0: 2040, 1: 6, 2: 2}, action_pct = {0: 99.609375, 1: 0.29296875, 2: 0.09765625}
2025-04-13 12:51:58,750 - Rollout 454656: ep_rew_mean = 0.0046, actions = {0: 2031, 1: 17, 2: 0}, action_pct = {0: 99.169921875, 1: 0.830078125, 2: 0.0}
2025-04-13 12:52:04,513 - Rollout 456704: ep_rew_mean = 0.0012, actions = {0: 2022, 1: 21, 2: 5}, action_pct = {0: 98.73046875, 1: 1.025390625, 2: 0.244140625}
2025-04-13 12:52:10,403 - Rollout 458752: ep_rew_mean = 0.0002, actions = {0: 1982, 1: 60, 2: 6}, action_pct = {0: 96.77734375, 1: 2.9296875, 2: 0.29296875}
2025-04-13 12:52:16,188 - Rollout 460800: ep_rew_mean = 0.0049, actions = {0: 2038, 1: 10, 2: 0}, action_pct = {0: 99.51171875, 1: 0.48828125, 2: 0.0}
2025-04-13 12:52:21,821 - Rollout 462848: ep_rew_mean = 0.0010, actions = {0: 2034, 1: 13, 2: 1}, action_pct = {0: 99.31640625, 1: 0.634765625, 2: 0.048828125}
2025-04-13 12:52:27,341 - Rollout 464896: ep_rew_mean = 0.0075, actions = {0: 2044, 1: 4, 2: 0}, action_pct = {0: 99.8046875, 1: 0.1953125, 2: 0.0}
2025-04-13 12:52:32,819 - Rollout 466944: ep_rew_mean = 0.0010, actions = {0: 2043, 1: 4, 2: 1}, action_pct = {0: 99.755859375, 1: 0.1953125, 2: 0.048828125}
2025-04-13 12:52:38,406 - Rollout 468992: ep_rew_mean = 0.0006, actions = {0: 1893, 1: 153, 2: 2}, action_pct = {0: 92.431640625, 1: 7.470703125, 2: 0.09765625}
2025-04-13 12:52:43,789 - Rollout 471040: ep_rew_mean = 0.0065, actions = {0: 2027, 1: 17, 2: 4}, action_pct = {0: 98.974609375, 1: 0.830078125, 2: 0.1953125}
2025-04-13 12:52:49,173 - Rollout 473088: ep_rew_mean = 0.0026, actions = {0: 2012, 1: 34, 2: 2}, action_pct = {0: 98.2421875, 1: 1.66015625, 2: 0.09765625}
2025-04-13 12:52:54,594 - Rollout 475136: ep_rew_mean = 0.0013, actions = {0: 1930, 1: 116, 2: 2}, action_pct = {0: 94.23828125, 1: 5.6640625, 2: 0.09765625}
2025-04-13 12:53:00,201 - Rollout 477184: ep_rew_mean = -0.0011, actions = {0: 2032, 1: 15, 2: 1}, action_pct = {0: 99.21875, 1: 0.732421875, 2: 0.048828125}
2025-04-13 12:53:05,843 - Rollout 479232: ep_rew_mean = -0.0004, actions = {0: 1514, 1: 525, 2: 9}, action_pct = {0: 73.92578125, 1: 25.634765625, 2: 0.439453125}
2025-04-13 12:53:11,411 - Rollout 481280: ep_rew_mean = 0.0003, actions = {0: 1791, 1: 255, 2: 2}, action_pct = {0: 87.451171875, 1: 12.451171875, 2: 0.09765625}
2025-04-13 12:53:16,739 - Rollout 483328: ep_rew_mean = 0.0003, actions = {0: 1867, 1: 175, 2: 6}, action_pct = {0: 91.162109375, 1: 8.544921875, 2: 0.29296875}
2025-04-13 12:53:22,479 - Rollout 485376: ep_rew_mean = 0.0003, actions = {0: 1215, 1: 812, 2: 21}, action_pct = {0: 59.326171875, 1: 39.6484375, 2: 1.025390625}
2025-04-13 12:53:27,852 - Rollout 487424: ep_rew_mean = -0.0110, actions = {0: 1754, 1: 282, 2: 12}, action_pct = {0: 85.64453125, 1: 13.76953125, 2: 0.5859375}
2025-04-13 12:53:33,361 - Rollout 489472: ep_rew_mean = 0.0008, actions = {0: 1722, 1: 318, 2: 8}, action_pct = {0: 84.08203125, 1: 15.52734375, 2: 0.390625}
2025-04-13 12:53:39,000 - Rollout 491520: ep_rew_mean = 0.0010, actions = {0: 1616, 1: 424, 2: 8}, action_pct = {0: 78.90625, 1: 20.703125, 2: 0.390625}
2025-04-13 12:53:44,828 - Rollout 493568: ep_rew_mean = -0.0078, actions = {0: 1990, 1: 52, 2: 6}, action_pct = {0: 97.16796875, 1: 2.5390625, 2: 0.29296875}
2025-04-13 12:53:50,400 - Rollout 495616: ep_rew_mean = 0.0025, actions = {0: 1910, 1: 129, 2: 9}, action_pct = {0: 93.26171875, 1: 6.298828125, 2: 0.439453125}
2025-04-13 12:53:55,973 - Rollout 497664: ep_rew_mean = 0.0026, actions = {0: 1843, 1: 194, 2: 11}, action_pct = {0: 89.990234375, 1: 9.47265625, 2: 0.537109375}
2025-04-13 12:54:01,764 - Rollout 499712: ep_rew_mean = -0.0012, actions = {0: 1905, 1: 134, 2: 9}, action_pct = {0: 93.017578125, 1: 6.54296875, 2: 0.439453125}
2025-04-13 12:54:07,358 - Rollout 501760: ep_rew_mean = 0.0036, actions = {0: 1940, 1: 102, 2: 6}, action_pct = {0: 94.7265625, 1: 4.98046875, 2: 0.29296875}
2025-04-13 12:54:09,335 - Training complete. Model saved to models/saved_models/ppo_EURUSD_2025/ppo_EURUSD_2025.zip
