2025-04-12 08:27:59,804 - Training data: 17495 rows
2025-04-12 08:28:03,384 - Training PPO on EURUSD at 2025-04-12 08:28:03.366555+05:30
2025-04-12 08:28:08,107 - Rollout 2048: ep_rew_mean = -0.0094, actions = {0: 706, 1: 645, 2: 697}
2025-04-12 08:28:15,179 - Rollout 4096: ep_rew_mean = -0.0097, actions = {0: 831, 1: 555, 2: 662}
2025-04-12 08:28:21,894 - Rollout 6144: ep_rew_mean = 0.0022, actions = {0: 772, 1: 462, 2: 814}
2025-04-12 08:28:28,483 - Rollout 8192: ep_rew_mean = 0.0051, actions = {0: 973, 1: 473, 2: 602}
2025-04-12 08:28:34,783 - Rollout 10240: ep_rew_mean = -0.0152, actions = {0: 1146, 1: 392, 2: 510}
2025-04-12 08:28:41,570 - Rollout 12288: ep_rew_mean = 0.0015, actions = {0: 1301, 1: 286, 2: 461}
2025-04-12 08:28:48,128 - Rollout 14336: ep_rew_mean = 0.0121, actions = {0: 1448, 1: 231, 2: 369}
2025-04-12 08:28:54,361 - Rollout 16384: ep_rew_mean = 0.0062, actions = {0: 1561, 1: 194, 2: 293}
2025-04-12 08:29:01,430 - Rollout 18432: ep_rew_mean = 0.0044, actions = {0: 1507, 1: 164, 2: 377}
2025-04-12 08:29:07,943 - Rollout 20480: ep_rew_mean = 0.0169, actions = {0: 1654, 1: 136, 2: 258}
2025-04-12 08:29:14,273 - Rollout 22528: ep_rew_mean = 0.0172, actions = {0: 1719, 1: 121, 2: 208}
2025-04-12 08:29:21,043 - Rollout 24576: ep_rew_mean = 0.0078, actions = {0: 1715, 1: 132, 2: 201}
2025-04-12 08:29:27,383 - Rollout 26624: ep_rew_mean = 0.0212, actions = {0: 1750, 1: 102, 2: 196}
2025-04-12 08:29:33,756 - Rollout 28672: ep_rew_mean = 0.0220, actions = {0: 1823, 1: 87, 2: 138}
2025-04-12 08:29:39,769 - Rollout 30720: ep_rew_mean = 0.0249, actions = {0: 1815, 1: 93, 2: 140}
2025-04-12 08:29:46,008 - Rollout 32768: ep_rew_mean = 0.0263, actions = {0: 1862, 1: 71, 2: 115}
2025-04-12 08:29:52,562 - Rollout 34816: ep_rew_mean = 0.0270, actions = {0: 1901, 1: 54, 2: 93}
2025-04-12 08:29:59,292 - Rollout 36864: ep_rew_mean = 0.0253, actions = {0: 1914, 1: 56, 2: 78}
2025-04-12 08:30:05,642 - Rollout 38912: ep_rew_mean = 0.0305, actions = {0: 1958, 1: 31, 2: 59}
2025-04-12 08:30:11,562 - Rollout 40960: ep_rew_mean = 0.0353, actions = {0: 1966, 1: 22, 2: 60}
2025-04-12 08:30:17,823 - Rollout 43008: ep_rew_mean = 0.0361, actions = {0: 1978, 1: 23, 2: 47}
2025-04-12 08:30:24,462 - Rollout 45056: ep_rew_mean = 0.0319, actions = {0: 1991, 1: 21, 2: 36}
2025-04-12 08:30:30,446 - Rollout 47104: ep_rew_mean = 0.0325, actions = {0: 1963, 1: 20, 2: 65}
2025-04-12 08:30:36,632 - Rollout 49152: ep_rew_mean = 0.0412, actions = {0: 1990, 1: 18, 2: 40}
2025-04-12 08:30:42,964 - Rollout 51200: ep_rew_mean = 0.0440, actions = {0: 1980, 1: 25, 2: 43}
2025-04-12 08:30:49,118 - Rollout 53248: ep_rew_mean = 0.0452, actions = {0: 2000, 1: 9, 2: 39}
2025-04-12 08:30:55,401 - Rollout 55296: ep_rew_mean = 0.0459, actions = {0: 2014, 1: 10, 2: 24}
2025-04-12 08:31:01,456 - Rollout 57344: ep_rew_mean = 0.0455, actions = {0: 2016, 1: 9, 2: 23}
2025-04-12 08:31:07,432 - Rollout 59392: ep_rew_mean = 0.0490, actions = {0: 2023, 1: 4, 2: 21}
2025-04-12 08:31:13,764 - Rollout 61440: ep_rew_mean = 0.0457, actions = {0: 2030, 1: 5, 2: 13}
2025-04-12 08:31:19,990 - Rollout 63488: ep_rew_mean = 0.0476, actions = {0: 2030, 1: 5, 2: 13}
2025-04-12 08:31:26,331 - Rollout 65536: ep_rew_mean = 0.0480, actions = {0: 2022, 1: 8, 2: 18}
2025-04-12 08:31:32,687 - Rollout 67584: ep_rew_mean = 0.0435, actions = {0: 2030, 1: 6, 2: 12}
2025-04-12 08:31:38,691 - Rollout 69632: ep_rew_mean = 0.0473, actions = {0: 1996, 1: 9, 2: 43}
2025-04-12 08:31:44,984 - Rollout 71680: ep_rew_mean = 0.0482, actions = {0: 2010, 1: 16, 2: 22}
2025-04-12 08:31:51,291 - Rollout 73728: ep_rew_mean = 0.0497, actions = {0: 2042, 1: 1, 2: 5}
2025-04-12 08:31:57,890 - Rollout 75776: ep_rew_mean = 0.0485, actions = {0: 2022, 1: 10, 2: 16}
2025-04-12 08:32:04,150 - Rollout 77824: ep_rew_mean = 0.0496, actions = {0: 2036, 1: 4, 2: 8}
2025-04-12 08:32:10,643 - Rollout 79872: ep_rew_mean = 0.0498, actions = {0: 2042, 1: 3, 2: 3}
2025-04-12 08:32:16,580 - Rollout 81920: ep_rew_mean = 0.0492, actions = {0: 2042, 1: 3, 2: 3}
2025-04-12 08:32:22,900 - Rollout 83968: ep_rew_mean = 0.0498, actions = {0: 2042, 1: 1, 2: 5}
2025-04-12 08:32:28,971 - Rollout 86016: ep_rew_mean = 0.0476, actions = {0: 2044, 1: 2, 2: 2}
2025-04-12 08:32:35,120 - Rollout 88064: ep_rew_mean = 0.0496, actions = {0: 2038, 1: 5, 2: 5}
2025-04-12 08:32:41,202 - Rollout 90112: ep_rew_mean = 0.0498, actions = {0: 2042, 1: 2, 2: 4}
2025-04-12 08:32:47,870 - Rollout 92160: ep_rew_mean = 0.0498, actions = {0: 2042, 1: 1, 2: 5}
2025-04-12 08:32:55,239 - Rollout 94208: ep_rew_mean = 0.0498, actions = {0: 2046, 1: 1, 2: 1}
2025-04-12 08:33:01,794 - Rollout 96256: ep_rew_mean = 0.0499, actions = {0: 2046, 1: 0, 2: 2}
2025-04-12 08:33:08,273 - Rollout 98304: ep_rew_mean = 0.0497, actions = {0: 2044, 1: 0, 2: 4}
2025-04-12 08:33:14,852 - Rollout 100352: ep_rew_mean = 0.0499, actions = {0: 2046, 1: 0, 2: 2}
2025-04-12 08:33:21,520 - Rollout 102400: ep_rew_mean = 0.0499, actions = {0: 2044, 1: 0, 2: 4}
2025-04-12 08:33:27,939 - Rollout 104448: ep_rew_mean = 0.0499, actions = {0: 2046, 1: 1, 2: 1}
2025-04-12 08:33:34,688 - Rollout 106496: ep_rew_mean = 0.0500, actions = {0: 2048, 1: 0, 2: 0}
2025-04-12 08:33:41,089 - Rollout 108544: ep_rew_mean = 0.0500, actions = {0: 2048, 1: 0, 2: 0}
2025-04-12 08:33:48,208 - Rollout 110592: ep_rew_mean = 0.0499, actions = {0: 2046, 1: 1, 2: 1}
2025-04-12 08:33:54,608 - Rollout 112640: ep_rew_mean = 0.0499, actions = {0: 2046, 1: 0, 2: 2}
2025-04-12 08:34:02,029 - Rollout 114688: ep_rew_mean = 0.0500, actions = {0: 2048, 1: 0, 2: 0}
2025-04-12 08:34:12,152 - Rollout 116736: ep_rew_mean = 0.0499, actions = {0: 2046, 1: 0, 2: 2}
2025-04-12 08:34:21,088 - Rollout 118784: ep_rew_mean = 0.0500, actions = {0: 2048, 1: 0, 2: 0}
2025-04-12 08:34:29,282 - Rollout 120832: ep_rew_mean = 0.0500, actions = {0: 2048, 1: 0, 2: 0}
2025-04-12 08:34:36,717 - Rollout 122880: ep_rew_mean = 0.0500, actions = {0: 2048, 1: 0, 2: 0}
2025-04-12 08:34:44,588 - Rollout 124928: ep_rew_mean = 0.0500, actions = {0: 2048, 1: 0, 2: 0}
2025-04-12 08:34:51,143 - Rollout 126976: ep_rew_mean = 0.0500, actions = {0: 2048, 1: 0, 2: 0}
2025-04-12 08:34:57,322 - Rollout 129024: ep_rew_mean = 0.0451, actions = {0: 2046, 1: 1, 2: 1}
2025-04-12 08:35:03,507 - Rollout 131072: ep_rew_mean = 0.0497, actions = {0: 2042, 1: 3, 2: 3}
2025-04-12 08:35:09,847 - Rollout 133120: ep_rew_mean = 0.0498, actions = {0: 2046, 1: 0, 2: 2}
2025-04-12 08:35:16,348 - Rollout 135168: ep_rew_mean = 0.0500, actions = {0: 2046, 1: 0, 2: 2}
2025-04-12 08:35:22,532 - Rollout 137216: ep_rew_mean = 0.0500, actions = {0: 2048, 1: 0, 2: 0}
2025-04-12 08:35:28,467 - Rollout 139264: ep_rew_mean = 0.0496, actions = {0: 2042, 1: 0, 2: 6}
2025-04-12 08:35:34,797 - Rollout 141312: ep_rew_mean = 0.0500, actions = {0: 2048, 1: 0, 2: 0}
2025-04-12 08:35:41,339 - Rollout 143360: ep_rew_mean = 0.0499, actions = {0: 2046, 1: 1, 2: 1}
2025-04-12 08:35:47,618 - Rollout 145408: ep_rew_mean = 0.0500, actions = {0: 2048, 1: 0, 2: 0}
2025-04-12 08:35:54,216 - Rollout 147456: ep_rew_mean = 0.0499, actions = {0: 2044, 1: 1, 2: 3}
2025-04-12 08:36:00,086 - Rollout 149504: ep_rew_mean = 0.0500, actions = {0: 2048, 1: 0, 2: 0}
2025-04-12 08:36:05,848 - Rollout 151552: ep_rew_mean = 0.0500, actions = {0: 2048, 1: 0, 2: 0}
2025-04-12 08:36:12,386 - Rollout 153600: ep_rew_mean = 0.0500, actions = {0: 2048, 1: 0, 2: 0}
2025-04-12 08:36:18,191 - Rollout 155648: ep_rew_mean = 0.0500, actions = {0: 2048, 1: 0, 2: 0}
2025-04-12 08:36:24,566 - Rollout 157696: ep_rew_mean = 0.0500, actions = {0: 2048, 1: 0, 2: 0}
2025-04-12 08:36:30,919 - Rollout 159744: ep_rew_mean = 0.0500, actions = {0: 2048, 1: 0, 2: 0}
2025-04-12 08:36:37,129 - Rollout 161792: ep_rew_mean = 0.0500, actions = {0: 2048, 1: 0, 2: 0}
2025-04-12 08:36:43,130 - Rollout 163840: ep_rew_mean = 0.0500, actions = {0: 2048, 1: 0, 2: 0}
2025-04-12 08:36:48,975 - Rollout 165888: ep_rew_mean = 0.0499, actions = {0: 2046, 1: 1, 2: 1}
2025-04-12 08:36:55,101 - Rollout 167936: ep_rew_mean = 0.0500, actions = {0: 2048, 1: 0, 2: 0}
2025-04-12 08:37:01,691 - Rollout 169984: ep_rew_mean = 0.0500, actions = {0: 2048, 1: 0, 2: 0}
2025-04-12 08:37:07,780 - Rollout 172032: ep_rew_mean = 0.0500, actions = {0: 2048, 1: 0, 2: 0}
2025-04-12 08:37:13,842 - Rollout 174080: ep_rew_mean = 0.0500, actions = {0: 2048, 1: 0, 2: 0}
2025-04-12 08:37:20,595 - Rollout 176128: ep_rew_mean = 0.0500, actions = {0: 2048, 1: 0, 2: 0}
2025-04-12 08:37:26,852 - Rollout 178176: ep_rew_mean = 0.0500, actions = {0: 2048, 1: 0, 2: 0}
2025-04-12 08:37:33,415 - Rollout 180224: ep_rew_mean = 0.0500, actions = {0: 2048, 1: 0, 2: 0}
2025-04-12 08:37:39,796 - Rollout 182272: ep_rew_mean = 0.0500, actions = {0: 2048, 1: 0, 2: 0}
2025-04-12 08:37:45,944 - Rollout 184320: ep_rew_mean = 0.0500, actions = {0: 2048, 1: 0, 2: 0}
2025-04-12 08:37:52,076 - Rollout 186368: ep_rew_mean = 0.0500, actions = {0: 2048, 1: 0, 2: 0}
2025-04-12 08:37:58,298 - Rollout 188416: ep_rew_mean = 0.0500, actions = {0: 2048, 1: 0, 2: 0}
2025-04-12 08:38:04,535 - Rollout 190464: ep_rew_mean = 0.0499, actions = {0: 2046, 1: 0, 2: 2}
2025-04-12 08:38:11,384 - Rollout 192512: ep_rew_mean = 0.0500, actions = {0: 2048, 1: 0, 2: 0}
2025-04-12 08:38:17,806 - Rollout 194560: ep_rew_mean = 0.0500, actions = {0: 2048, 1: 0, 2: 0}
2025-04-12 08:38:24,414 - Rollout 196608: ep_rew_mean = 0.0500, actions = {0: 2048, 1: 0, 2: 0}
2025-04-12 08:38:30,784 - Rollout 198656: ep_rew_mean = 0.0500, actions = {0: 2048, 1: 0, 2: 0}
2025-04-12 08:38:36,834 - Rollout 200704: ep_rew_mean = 0.0500, actions = {0: 2048, 1: 0, 2: 0}
2025-04-12 08:38:43,167 - Rollout 202752: ep_rew_mean = 0.0500, actions = {0: 2048, 1: 0, 2: 0}
2025-04-12 08:38:49,655 - Rollout 204800: ep_rew_mean = 0.0500, actions = {0: 2048, 1: 0, 2: 0}
2025-04-12 08:38:56,153 - Rollout 206848: ep_rew_mean = 0.0500, actions = {0: 2048, 1: 0, 2: 0}
2025-04-12 08:39:02,523 - Rollout 208896: ep_rew_mean = 0.0500, actions = {0: 2048, 1: 0, 2: 0}
2025-04-12 08:39:08,968 - Rollout 210944: ep_rew_mean = 0.0500, actions = {0: 2048, 1: 0, 2: 0}
2025-04-12 08:39:15,319 - Rollout 212992: ep_rew_mean = 0.0500, actions = {0: 2048, 1: 0, 2: 0}
2025-04-12 08:39:21,713 - Rollout 215040: ep_rew_mean = 0.0500, actions = {0: 2048, 1: 0, 2: 0}
2025-04-12 08:39:28,204 - Rollout 217088: ep_rew_mean = 0.0500, actions = {0: 2048, 1: 0, 2: 0}
2025-04-12 08:39:34,653 - Rollout 219136: ep_rew_mean = 0.0500, actions = {0: 2046, 1: 0, 2: 2}
2025-04-12 08:39:40,823 - Rollout 221184: ep_rew_mean = 0.0500, actions = {0: 2046, 1: 1, 2: 1}
2025-04-12 08:39:47,003 - Rollout 223232: ep_rew_mean = 0.0499, actions = {0: 2046, 1: 0, 2: 2}
2025-04-12 08:39:53,733 - Rollout 225280: ep_rew_mean = 0.0500, actions = {0: 2048, 1: 0, 2: 0}
2025-04-12 08:39:59,969 - Rollout 227328: ep_rew_mean = 0.0500, actions = {0: 2048, 1: 0, 2: 0}
2025-04-12 08:40:05,784 - Rollout 229376: ep_rew_mean = 0.0500, actions = {0: 2048, 1: 0, 2: 0}
2025-04-12 08:40:12,222 - Rollout 231424: ep_rew_mean = 0.0500, actions = {0: 2048, 1: 0, 2: 0}
2025-04-12 08:40:18,453 - Rollout 233472: ep_rew_mean = 0.0500, actions = {0: 2048, 1: 0, 2: 0}
2025-04-12 08:40:24,389 - Rollout 235520: ep_rew_mean = 0.0499, actions = {0: 2046, 1: 1, 2: 1}
2025-04-12 08:40:30,591 - Rollout 237568: ep_rew_mean = 0.0500, actions = {0: 2048, 1: 0, 2: 0}
2025-04-12 08:40:36,702 - Rollout 239616: ep_rew_mean = 0.0500, actions = {0: 2048, 1: 0, 2: 0}
2025-04-12 08:40:43,158 - Rollout 241664: ep_rew_mean = 0.0500, actions = {0: 2048, 1: 0, 2: 0}
2025-04-12 08:40:49,102 - Rollout 243712: ep_rew_mean = 0.0500, actions = {0: 2048, 1: 0, 2: 0}
2025-04-12 08:40:54,993 - Rollout 245760: ep_rew_mean = 0.0500, actions = {0: 2048, 1: 0, 2: 0}
2025-04-12 08:41:01,585 - Rollout 247808: ep_rew_mean = 0.0500, actions = {0: 2048, 1: 0, 2: 0}
2025-04-12 08:41:07,727 - Rollout 249856: ep_rew_mean = 0.0500, actions = {0: 2048, 1: 0, 2: 0}
2025-04-12 08:41:13,992 - Rollout 251904: ep_rew_mean = 0.0500, actions = {0: 2048, 1: 0, 2: 0}
2025-04-12 08:41:20,192 - Rollout 253952: ep_rew_mean = 0.0500, actions = {0: 2048, 1: 0, 2: 0}
2025-04-12 08:41:26,313 - Rollout 256000: ep_rew_mean = 0.0500, actions = {0: 2048, 1: 0, 2: 0}
2025-04-12 08:41:32,532 - Rollout 258048: ep_rew_mean = 0.0500, actions = {0: 2048, 1: 0, 2: 0}
2025-04-12 08:41:38,392 - Rollout 260096: ep_rew_mean = 0.0500, actions = {0: 2048, 1: 0, 2: 0}
2025-04-12 08:41:44,626 - Rollout 262144: ep_rew_mean = 0.0500, actions = {0: 2048, 1: 0, 2: 0}
2025-04-12 08:41:50,986 - Rollout 264192: ep_rew_mean = 0.0500, actions = {0: 2048, 1: 0, 2: 0}
2025-04-12 08:41:57,377 - Rollout 266240: ep_rew_mean = 0.0500, actions = {0: 2048, 1: 0, 2: 0}
2025-04-12 08:42:03,893 - Rollout 268288: ep_rew_mean = 0.0500, actions = {0: 2048, 1: 0, 2: 0}
2025-04-12 08:42:10,456 - Rollout 270336: ep_rew_mean = 0.0500, actions = {0: 2048, 1: 0, 2: 0}
2025-04-12 08:42:16,937 - Rollout 272384: ep_rew_mean = 0.0500, actions = {0: 2048, 1: 0, 2: 0}
2025-04-12 08:42:23,561 - Rollout 274432: ep_rew_mean = 0.0500, actions = {0: 2048, 1: 0, 2: 0}
2025-04-12 08:42:29,909 - Rollout 276480: ep_rew_mean = 0.0499, actions = {0: 2046, 1: 1, 2: 1}
2025-04-12 08:42:36,491 - Rollout 278528: ep_rew_mean = 0.0500, actions = {0: 2048, 1: 0, 2: 0}
2025-04-12 08:42:42,841 - Rollout 280576: ep_rew_mean = 0.0500, actions = {0: 2048, 1: 0, 2: 0}
2025-04-12 08:42:49,395 - Rollout 282624: ep_rew_mean = 0.0500, actions = {0: 2048, 1: 0, 2: 0}
2025-04-12 08:42:55,531 - Rollout 284672: ep_rew_mean = 0.0500, actions = {0: 2048, 1: 0, 2: 0}
2025-04-12 08:43:02,576 - Rollout 286720: ep_rew_mean = 0.0500, actions = {0: 2048, 1: 0, 2: 0}
2025-04-12 08:43:08,644 - Rollout 288768: ep_rew_mean = 0.0500, actions = {0: 2048, 1: 0, 2: 0}
2025-04-12 08:43:15,004 - Rollout 290816: ep_rew_mean = 0.0500, actions = {0: 2048, 1: 0, 2: 0}
2025-04-12 08:43:21,093 - Rollout 292864: ep_rew_mean = 0.0068, actions = {0: 2047, 1: 1, 2: 0}
2025-04-12 08:43:27,002 - Rollout 294912: ep_rew_mean = 0.0501, actions = {0: 2043, 1: 2, 2: 3}
2025-04-12 08:43:32,680 - Rollout 296960: ep_rew_mean = 0.0500, actions = {0: 2048, 1: 0, 2: 0}
2025-04-12 08:43:38,348 - Rollout 299008: ep_rew_mean = 0.0500, actions = {0: 2048, 1: 0, 2: 0}
2025-04-12 08:43:44,093 - Rollout 301056: ep_rew_mean = 0.0498, actions = {0: 2040, 1: 4, 2: 4}
2025-04-12 08:43:49,623 - Rollout 303104: ep_rew_mean = 0.0499, actions = {0: 2044, 1: 2, 2: 2}
2025-04-12 08:43:55,269 - Rollout 305152: ep_rew_mean = 0.0500, actions = {0: 2048, 1: 0, 2: 0}
2025-04-12 08:44:01,050 - Rollout 307200: ep_rew_mean = 0.0500, actions = {0: 2048, 1: 0, 2: 0}
2025-04-12 08:44:06,808 - Rollout 309248: ep_rew_mean = 0.0500, actions = {0: 2048, 1: 0, 2: 0}
2025-04-12 08:44:12,236 - Rollout 311296: ep_rew_mean = 0.0500, actions = {0: 2046, 1: 1, 2: 1}
2025-04-12 08:44:17,818 - Rollout 313344: ep_rew_mean = 0.0500, actions = {0: 2048, 1: 0, 2: 0}
2025-04-12 08:44:23,589 - Rollout 315392: ep_rew_mean = 0.0500, actions = {0: 2048, 1: 0, 2: 0}
2025-04-12 08:44:29,396 - Rollout 317440: ep_rew_mean = 0.0500, actions = {0: 2048, 1: 0, 2: 0}
2025-04-12 08:44:34,635 - Rollout 319488: ep_rew_mean = 0.0499, actions = {0: 2046, 1: 1, 2: 1}
2025-04-12 08:44:40,295 - Rollout 321536: ep_rew_mean = 0.0339, actions = {0: 2028, 1: 10, 2: 10}
2025-04-12 08:44:45,910 - Rollout 323584: ep_rew_mean = 0.0410, actions = {0: 2028, 1: 10, 2: 10}
2025-04-12 08:44:51,453 - Rollout 325632: ep_rew_mean = 0.0454, actions = {0: 2038, 1: 5, 2: 5}
2025-04-12 08:44:57,138 - Rollout 327680: ep_rew_mean = 0.0488, actions = {0: 2042, 1: 3, 2: 3}
2025-04-12 08:45:02,962 - Rollout 329728: ep_rew_mean = 0.0499, actions = {0: 2044, 1: 2, 2: 2}
2025-04-12 08:45:08,560 - Rollout 331776: ep_rew_mean = 0.0499, actions = {0: 2044, 1: 2, 2: 2}
2025-04-12 08:45:14,348 - Rollout 333824: ep_rew_mean = 0.0499, actions = {0: 2044, 1: 2, 2: 2}
2025-04-12 08:45:20,279 - Rollout 335872: ep_rew_mean = 0.0500, actions = {0: 2048, 1: 0, 2: 0}
2025-04-12 08:45:25,928 - Rollout 337920: ep_rew_mean = 0.0476, actions = {0: 2042, 1: 3, 2: 3}
2025-04-12 08:45:31,559 - Rollout 339968: ep_rew_mean = 0.0493, actions = {0: 2044, 1: 2, 2: 2}
2025-04-12 08:45:37,239 - Rollout 342016: ep_rew_mean = 0.0500, actions = {0: 2046, 1: 1, 2: 1}
2025-04-12 08:45:42,687 - Rollout 344064: ep_rew_mean = 0.0500, actions = {0: 2048, 1: 0, 2: 0}
2025-04-12 08:45:48,255 - Rollout 346112: ep_rew_mean = 0.0500, actions = {0: 2048, 1: 0, 2: 0}
2025-04-12 08:45:53,801 - Rollout 348160: ep_rew_mean = 0.0500, actions = {0: 2048, 1: 0, 2: 0}
2025-04-12 08:45:59,486 - Rollout 350208: ep_rew_mean = 0.0500, actions = {0: 2048, 1: 0, 2: 0}
2025-04-12 08:46:05,213 - Rollout 352256: ep_rew_mean = 0.0500, actions = {0: 2048, 1: 0, 2: 0}
2025-04-12 08:46:10,758 - Rollout 354304: ep_rew_mean = 0.0482, actions = {0: 2046, 1: 1, 2: 1}
2025-04-12 08:46:16,325 - Rollout 356352: ep_rew_mean = 0.0485, actions = {0: 1996, 1: 26, 2: 26}
2025-04-12 08:46:22,020 - Rollout 358400: ep_rew_mean = 0.0495, actions = {0: 2032, 1: 8, 2: 8}
2025-04-12 08:46:27,859 - Rollout 360448: ep_rew_mean = 0.0496, actions = {0: 2032, 1: 8, 2: 8}
2025-04-12 08:46:33,532 - Rollout 362496: ep_rew_mean = 0.0484, actions = {0: 2008, 1: 20, 2: 20}
2025-04-12 08:46:39,039 - Rollout 364544: ep_rew_mean = 0.0498, actions = {0: 2042, 1: 3, 2: 3}
2025-04-12 08:46:44,647 - Rollout 366592: ep_rew_mean = 0.0495, actions = {0: 2034, 1: 7, 2: 7}
2025-04-12 08:46:50,117 - Rollout 368640: ep_rew_mean = 0.0499, actions = {0: 2044, 1: 2, 2: 2}
2025-04-12 08:46:55,832 - Rollout 370688: ep_rew_mean = 0.0500, actions = {0: 2048, 1: 0, 2: 0}
2025-04-12 08:47:01,383 - Rollout 372736: ep_rew_mean = 0.0498, actions = {0: 2044, 1: 2, 2: 2}
2025-04-12 08:47:07,183 - Rollout 374784: ep_rew_mean = 0.0496, actions = {0: 2044, 1: 2, 2: 2}
2025-04-12 08:47:12,771 - Rollout 376832: ep_rew_mean = 0.0499, actions = {0: 2046, 1: 1, 2: 1}
2025-04-12 08:47:18,766 - Rollout 378880: ep_rew_mean = 0.0500, actions = {0: 2048, 1: 0, 2: 0}
2025-04-12 08:47:25,149 - Rollout 380928: ep_rew_mean = 0.0500, actions = {0: 2048, 1: 0, 2: 0}
2025-04-12 08:47:31,034 - Rollout 382976: ep_rew_mean = 0.0500, actions = {0: 2048, 1: 0, 2: 0}
2025-04-12 08:47:36,930 - Rollout 385024: ep_rew_mean = 0.0499, actions = {0: 2046, 1: 1, 2: 1}
2025-04-12 08:47:42,525 - Rollout 387072: ep_rew_mean = 0.0500, actions = {0: 2048, 1: 0, 2: 0}
2025-04-12 08:47:48,224 - Rollout 389120: ep_rew_mean = 0.0494, actions = {0: 2044, 1: 2, 2: 2}
2025-04-12 08:47:53,876 - Rollout 391168: ep_rew_mean = 0.0495, actions = {0: 2046, 1: 1, 2: 1}
2025-04-12 08:47:59,709 - Rollout 393216: ep_rew_mean = 0.0496, actions = {0: 2034, 1: 7, 2: 7}
2025-04-12 08:48:05,911 - Rollout 395264: ep_rew_mean = 0.0498, actions = {0: 2040, 1: 3, 2: 5}
2025-04-12 08:48:11,692 - Rollout 397312: ep_rew_mean = 0.0499, actions = {0: 2044, 1: 2, 2: 2}
2025-04-12 08:48:17,324 - Rollout 399360: ep_rew_mean = 0.0499, actions = {0: 2044, 1: 2, 2: 2}
2025-04-12 08:48:23,326 - Rollout 401408: ep_rew_mean = 0.0499, actions = {0: 2046, 1: 1, 2: 1}
2025-04-12 08:48:29,090 - Rollout 403456: ep_rew_mean = 0.0500, actions = {0: 2048, 1: 0, 2: 0}
2025-04-12 08:48:34,706 - Rollout 405504: ep_rew_mean = 0.0500, actions = {0: 2048, 1: 0, 2: 0}
2025-04-12 08:48:40,392 - Rollout 407552: ep_rew_mean = 0.0498, actions = {0: 2044, 1: 2, 2: 2}
2025-04-12 08:48:46,032 - Rollout 409600: ep_rew_mean = 0.0500, actions = {0: 2048, 1: 0, 2: 0}
2025-04-12 08:48:51,692 - Rollout 411648: ep_rew_mean = 0.0500, actions = {0: 2048, 1: 0, 2: 0}
2025-04-12 08:48:57,569 - Rollout 413696: ep_rew_mean = 0.0500, actions = {0: 2048, 1: 0, 2: 0}
2025-04-12 08:49:03,146 - Rollout 415744: ep_rew_mean = 0.0499, actions = {0: 2044, 1: 1, 2: 3}
2025-04-12 08:49:09,088 - Rollout 417792: ep_rew_mean = 0.0500, actions = {0: 2048, 1: 0, 2: 0}
2025-04-12 08:49:14,428 - Rollout 419840: ep_rew_mean = 0.0499, actions = {0: 2046, 1: 1, 2: 1}
2025-04-12 08:49:20,160 - Rollout 421888: ep_rew_mean = 0.0500, actions = {0: 2048, 1: 0, 2: 0}
2025-04-12 08:49:25,967 - Rollout 423936: ep_rew_mean = 0.0500, actions = {0: 2048, 1: 0, 2: 0}
2025-04-12 08:49:31,499 - Rollout 425984: ep_rew_mean = 0.0400, actions = {0: 2022, 1: 13, 2: 13}
2025-04-12 08:49:37,025 - Rollout 428032: ep_rew_mean = 0.0425, actions = {0: 2027, 1: 11, 2: 10}
2025-04-12 08:49:42,604 - Rollout 430080: ep_rew_mean = 0.0449, actions = {0: 2036, 1: 6, 2: 6}
2025-04-12 08:49:48,148 - Rollout 432128: ep_rew_mean = 0.0491, actions = {0: 2039, 1: 4, 2: 5}
2025-04-12 08:49:53,908 - Rollout 434176: ep_rew_mean = 0.0499, actions = {0: 2044, 1: 2, 2: 2}
2025-04-12 08:49:59,495 - Rollout 436224: ep_rew_mean = 0.0499, actions = {0: 2044, 1: 2, 2: 2}
2025-04-12 08:50:05,222 - Rollout 438272: ep_rew_mean = 0.0499, actions = {0: 2046, 1: 1, 2: 1}
2025-04-12 08:50:10,917 - Rollout 440320: ep_rew_mean = 0.0499, actions = {0: 2046, 1: 1, 2: 1}
2025-04-12 08:50:16,641 - Rollout 442368: ep_rew_mean = 0.0490, actions = {0: 2038, 1: 5, 2: 5}
2025-04-12 08:50:22,348 - Rollout 444416: ep_rew_mean = 0.0497, actions = {0: 2040, 1: 4, 2: 4}
2025-04-12 08:50:28,250 - Rollout 446464: ep_rew_mean = 0.0499, actions = {0: 2044, 1: 2, 2: 2}
2025-04-12 08:50:33,865 - Rollout 448512: ep_rew_mean = 0.0500, actions = {0: 2048, 1: 0, 2: 0}
2025-04-12 08:50:39,547 - Rollout 450560: ep_rew_mean = 0.0500, actions = {0: 2048, 1: 0, 2: 0}
2025-04-12 08:50:45,159 - Rollout 452608: ep_rew_mean = 0.0500, actions = {0: 2048, 1: 0, 2: 0}
2025-04-12 08:50:50,973 - Rollout 454656: ep_rew_mean = 0.0500, actions = {0: 2048, 1: 0, 2: 0}
2025-04-12 08:50:56,935 - Rollout 456704: ep_rew_mean = 0.0499, actions = {0: 2046, 1: 1, 2: 1}
2025-04-12 08:51:02,692 - Rollout 458752: ep_rew_mean = 0.0500, actions = {0: 2048, 1: 0, 2: 0}
2025-04-12 08:51:08,391 - Rollout 460800: ep_rew_mean = 0.0490, actions = {0: 2040, 1: 4, 2: 4}
2025-04-12 08:51:13,968 - Rollout 462848: ep_rew_mean = 0.0497, actions = {0: 2040, 1: 4, 2: 4}
2025-04-12 08:51:19,557 - Rollout 464896: ep_rew_mean = 0.0500, actions = {0: 2048, 1: 0, 2: 0}
2025-04-12 08:51:25,148 - Rollout 466944: ep_rew_mean = 0.0500, actions = {0: 2048, 1: 0, 2: 0}
2025-04-12 08:51:30,713 - Rollout 468992: ep_rew_mean = 0.0500, actions = {0: 2048, 1: 0, 2: 0}
2025-04-12 08:51:36,210 - Rollout 471040: ep_rew_mean = 0.0500, actions = {0: 2048, 1: 0, 2: 0}
2025-04-12 08:51:41,886 - Rollout 473088: ep_rew_mean = 0.0500, actions = {0: 2048, 1: 0, 2: 0}
2025-04-12 08:51:47,450 - Rollout 475136: ep_rew_mean = 0.0500, actions = {0: 2048, 1: 0, 2: 0}
2025-04-12 08:51:53,294 - Rollout 477184: ep_rew_mean = 0.0498, actions = {0: 2046, 1: 1, 2: 1}
2025-04-12 08:51:59,217 - Rollout 479232: ep_rew_mean = 0.0500, actions = {0: 2048, 1: 0, 2: 0}
2025-04-12 08:52:04,899 - Rollout 481280: ep_rew_mean = 0.0500, actions = {0: 2048, 1: 0, 2: 0}
2025-04-12 08:52:10,199 - Rollout 483328: ep_rew_mean = 0.0499, actions = {0: 2046, 1: 1, 2: 1}
2025-04-12 08:52:15,853 - Rollout 485376: ep_rew_mean = 0.0500, actions = {0: 2048, 1: 0, 2: 0}
2025-04-12 08:52:21,604 - Rollout 487424: ep_rew_mean = 0.0500, actions = {0: 2048, 1: 0, 2: 0}
2025-04-12 08:52:27,286 - Rollout 489472: ep_rew_mean = 0.0500, actions = {0: 2048, 1: 0, 2: 0}
2025-04-12 08:52:33,120 - Rollout 491520: ep_rew_mean = 0.0500, actions = {0: 2048, 1: 0, 2: 0}
2025-04-12 08:52:38,671 - Rollout 493568: ep_rew_mean = 0.0500, actions = {0: 2048, 1: 0, 2: 0}
2025-04-12 08:52:45,387 - Rollout 495616: ep_rew_mean = 0.0499, actions = {0: 2046, 1: 1, 2: 1}
2025-04-12 08:52:51,922 - Rollout 497664: ep_rew_mean = 0.0500, actions = {0: 2048, 1: 0, 2: 0}
2025-04-12 08:53:00,823 - Rollout 499712: ep_rew_mean = 0.0500, actions = {0: 2048, 1: 0, 2: 0}
2025-04-12 08:53:08,100 - Rollout 501760: ep_rew_mean = 0.0500, actions = {0: 2048, 1: 0, 2: 0}
2025-04-12 08:53:10,145 - Training complete. Model saved to models/saved_models/ppo_EURUSD_2025/ppo_EURUSD_2025.zip
