2025-04-12 09:08:26,772 - Training data: 17495 rows
2025-04-12 09:08:34,528 - Training PPO on EURUSD at 2025-04-12 09:08:34.507924+05:30
2025-04-12 09:08:38,718 - Rollout 2048: ep_rew_mean = -0.0158, actions = {0: 683, 1: 700, 2: 665}
2025-04-12 09:08:45,126 - Rollout 4096: ep_rew_mean = -0.0188, actions = {0: 590, 1: 820, 2: 638}
2025-04-12 09:08:51,930 - Rollout 6144: ep_rew_mean = -0.0160, actions = {0: 617, 1: 740, 2: 691}
2025-04-12 09:08:58,230 - Rollout 8192: ep_rew_mean = -0.0187, actions = {0: 603, 1: 858, 2: 587}
2025-04-12 09:09:04,479 - Rollout 10240: ep_rew_mean = -0.0266, actions = {0: 596, 1: 984, 2: 468}
2025-04-12 09:09:10,710 - Rollout 12288: ep_rew_mean = -0.0178, actions = {0: 681, 1: 835, 2: 532}
2025-04-12 09:09:16,625 - Rollout 14336: ep_rew_mean = -0.0169, actions = {0: 730, 1: 863, 2: 455}
2025-04-12 09:09:22,964 - Rollout 16384: ep_rew_mean = -0.0286, actions = {0: 823, 1: 831, 2: 394}
2025-04-12 09:09:29,595 - Rollout 18432: ep_rew_mean = -0.0160, actions = {0: 717, 1: 971, 2: 360}
2025-04-12 09:09:35,874 - Rollout 20480: ep_rew_mean = -0.0270, actions = {0: 707, 1: 899, 2: 442}
2025-04-12 09:09:41,959 - Rollout 22528: ep_rew_mean = -0.0059, actions = {0: 697, 1: 841, 2: 510}
2025-04-12 09:09:48,429 - Rollout 24576: ep_rew_mean = -0.0158, actions = {0: 745, 1: 871, 2: 432}
2025-04-12 09:09:54,715 - Rollout 26624: ep_rew_mean = -0.0149, actions = {0: 717, 1: 841, 2: 490}
2025-04-12 09:10:01,029 - Rollout 28672: ep_rew_mean = -0.0053, actions = {0: 737, 1: 850, 2: 461}
2025-04-12 09:10:07,589 - Rollout 30720: ep_rew_mean = -0.0158, actions = {0: 815, 1: 860, 2: 373}
2025-04-12 09:10:13,629 - Rollout 32768: ep_rew_mean = -0.0054, actions = {0: 882, 1: 749, 2: 417}
2025-04-12 09:10:19,433 - Rollout 34816: ep_rew_mean = -0.0255, actions = {0: 994, 1: 714, 2: 340}
2025-04-12 09:10:25,613 - Rollout 36864: ep_rew_mean = -0.0169, actions = {0: 985, 1: 684, 2: 379}
2025-04-12 09:10:31,764 - Rollout 38912: ep_rew_mean = -0.0261, actions = {0: 936, 1: 711, 2: 401}
2025-04-12 09:10:37,669 - Rollout 40960: ep_rew_mean = -0.0059, actions = {0: 868, 1: 670, 2: 510}
2025-04-12 09:10:43,809 - Rollout 43008: ep_rew_mean = -0.0264, actions = {0: 864, 1: 779, 2: 405}
2025-04-12 09:10:49,992 - Rollout 45056: ep_rew_mean = -0.0050, actions = {0: 923, 1: 700, 2: 425}
2025-04-12 09:10:55,820 - Rollout 47104: ep_rew_mean = -0.0266, actions = {0: 993, 1: 549, 2: 506}
2025-04-12 09:11:01,922 - Rollout 49152: ep_rew_mean = -0.0144, actions = {0: 1080, 1: 434, 2: 534}
2025-04-12 09:11:07,635 - Rollout 51200: ep_rew_mean = -0.0175, actions = {0: 1059, 1: 411, 2: 578}
2025-04-12 09:11:14,199 - Rollout 53248: ep_rew_mean = -0.0258, actions = {0: 1040, 1: 500, 2: 508}
2025-04-12 09:11:20,414 - Rollout 55296: ep_rew_mean = -0.0032, actions = {0: 1110, 1: 418, 2: 520}
2025-04-12 09:11:29,389 - Rollout 57344: ep_rew_mean = -0.0125, actions = {0: 1271, 1: 321, 2: 456}
2025-04-12 09:11:39,008 - Rollout 59392: ep_rew_mean = -0.0035, actions = {0: 1393, 1: 269, 2: 386}
2025-04-12 09:11:49,558 - Rollout 61440: ep_rew_mean = -0.0041, actions = {0: 1291, 1: 293, 2: 464}
2025-04-12 09:11:58,584 - Rollout 63488: ep_rew_mean = -0.0111, actions = {0: 1404, 1: 245, 2: 399}
2025-04-12 09:12:07,254 - Rollout 65536: ep_rew_mean = -0.0039, actions = {0: 1459, 1: 290, 2: 299}
2025-04-12 09:12:16,137 - Rollout 67584: ep_rew_mean = -0.0015, actions = {0: 1555, 1: 259, 2: 234}
2025-04-12 09:12:21,611 - Rollout 69632: ep_rew_mean = -0.0014, actions = {0: 1545, 1: 215, 2: 288}
2025-04-12 09:12:27,017 - Rollout 71680: ep_rew_mean = -0.0125, actions = {0: 1629, 1: 232, 2: 187}
2025-04-12 09:12:32,549 - Rollout 73728: ep_rew_mean = -0.0013, actions = {0: 1555, 1: 257, 2: 236}
2025-04-12 09:12:37,786 - Rollout 75776: ep_rew_mean = -0.0005, actions = {0: 1638, 1: 204, 2: 206}
2025-04-12 09:12:42,914 - Rollout 77824: ep_rew_mean = -0.0010, actions = {0: 1610, 1: 247, 2: 191}
2025-04-12 09:12:48,407 - Rollout 79872: ep_rew_mean = -0.0025, actions = {0: 1736, 1: 178, 2: 134}
2025-04-12 09:12:53,600 - Rollout 81920: ep_rew_mean = -0.0226, actions = {0: 1752, 1: 171, 2: 125}
2025-04-12 09:12:58,655 - Rollout 83968: ep_rew_mean = -0.0009, actions = {0: 1751, 1: 177, 2: 120}
2025-04-12 09:13:03,820 - Rollout 86016: ep_rew_mean = -0.0120, actions = {0: 1746, 1: 160, 2: 142}
2025-04-12 09:13:08,819 - Rollout 88064: ep_rew_mean = -0.0010, actions = {0: 1684, 1: 213, 2: 151}
2025-04-12 09:13:13,927 - Rollout 90112: ep_rew_mean = -0.0116, actions = {0: 1650, 1: 225, 2: 173}
2025-04-12 09:13:18,935 - Rollout 92160: ep_rew_mean = -0.0132, actions = {0: 1595, 1: 242, 2: 211}
2025-04-12 09:13:24,021 - Rollout 94208: ep_rew_mean = -0.0032, actions = {0: 1553, 1: 287, 2: 208}
2025-04-12 09:13:28,919 - Rollout 96256: ep_rew_mean = -0.0120, actions = {0: 1647, 1: 244, 2: 157}
2025-04-12 09:13:34,068 - Rollout 98304: ep_rew_mean = -0.0011, actions = {0: 1600, 1: 269, 2: 179}
2025-04-12 09:13:39,071 - Rollout 100352: ep_rew_mean = -0.0011, actions = {0: 1613, 1: 209, 2: 226}
2025-04-12 09:13:44,074 - Rollout 102400: ep_rew_mean = -0.0129, actions = {0: 1690, 1: 188, 2: 170}
2025-04-12 09:13:49,258 - Rollout 104448: ep_rew_mean = -0.0127, actions = {0: 1681, 1: 219, 2: 148}
2025-04-12 09:13:54,630 - Rollout 106496: ep_rew_mean = -0.0022, actions = {0: 1688, 1: 244, 2: 116}
2025-04-12 09:13:59,850 - Rollout 108544: ep_rew_mean = -0.0244, actions = {0: 1667, 1: 282, 2: 99}
2025-04-12 09:14:05,034 - Rollout 110592: ep_rew_mean = -0.0103, actions = {0: 1586, 1: 329, 2: 133}
2025-04-12 09:14:10,108 - Rollout 112640: ep_rew_mean = -0.0001, actions = {0: 1602, 1: 311, 2: 135}
2025-04-12 09:14:15,067 - Rollout 114688: ep_rew_mean = -0.0020, actions = {0: 1672, 1: 258, 2: 118}
2025-04-12 09:14:20,306 - Rollout 116736: ep_rew_mean = -0.0025, actions = {0: 1704, 1: 198, 2: 146}
2025-04-12 09:14:25,297 - Rollout 118784: ep_rew_mean = -0.0008, actions = {0: 1717, 1: 218, 2: 113}
2025-04-12 09:14:30,345 - Rollout 120832: ep_rew_mean = -0.0019, actions = {0: 1739, 1: 193, 2: 116}
2025-04-12 09:14:35,223 - Rollout 122880: ep_rew_mean = -0.0008, actions = {0: 1762, 1: 183, 2: 103}
2025-04-12 09:14:40,176 - Rollout 124928: ep_rew_mean = -0.0093, actions = {0: 1831, 1: 156, 2: 61}
2025-04-12 09:14:45,174 - Rollout 126976: ep_rew_mean = -0.0008, actions = {0: 1788, 1: 182, 2: 78}
2025-04-12 09:14:50,282 - Rollout 129024: ep_rew_mean = 0.0010, actions = {0: 1769, 1: 200, 2: 79}
2025-04-12 09:14:55,339 - Rollout 131072: ep_rew_mean = -0.0107, actions = {0: 1818, 1: 157, 2: 73}
2025-04-12 09:15:00,382 - Rollout 133120: ep_rew_mean = 0.0013, actions = {0: 1824, 1: 157, 2: 67}
2025-04-12 09:15:05,323 - Rollout 135168: ep_rew_mean = -0.0008, actions = {0: 1816, 1: 176, 2: 56}
2025-04-12 09:15:10,158 - Rollout 137216: ep_rew_mean = 0.0001, actions = {0: 1778, 1: 217, 2: 53}
2025-04-12 09:15:15,207 - Rollout 139264: ep_rew_mean = 0.0001, actions = {0: 1787, 1: 196, 2: 65}
2025-04-12 09:15:20,339 - Rollout 141312: ep_rew_mean = -0.0011, actions = {0: 1836, 1: 151, 2: 61}
2025-04-12 09:15:25,243 - Rollout 143360: ep_rew_mean = -0.0002, actions = {0: 1866, 1: 129, 2: 53}
2025-04-12 09:15:30,487 - Rollout 145408: ep_rew_mean = 0.0032, actions = {0: 1915, 1: 97, 2: 36}
2025-04-12 09:15:35,415 - Rollout 147456: ep_rew_mean = 0.0011, actions = {0: 1925, 1: 84, 2: 39}
2025-04-12 09:15:40,248 - Rollout 149504: ep_rew_mean = 0.0043, actions = {0: 1970, 1: 52, 2: 26}
2025-04-12 09:15:45,224 - Rollout 151552: ep_rew_mean = -0.0003, actions = {0: 1966, 1: 59, 2: 23}
2025-04-12 09:15:50,048 - Rollout 153600: ep_rew_mean = -0.0075, actions = {0: 1978, 1: 41, 2: 29}
2025-04-12 09:15:54,853 - Rollout 155648: ep_rew_mean = 0.0019, actions = {0: 1989, 1: 29, 2: 30}
2025-04-12 09:15:59,801 - Rollout 157696: ep_rew_mean = 0.0026, actions = {0: 1982, 1: 33, 2: 33}
2025-04-12 09:16:04,913 - Rollout 159744: ep_rew_mean = -0.0006, actions = {0: 1975, 1: 34, 2: 39}
2025-04-12 09:16:09,912 - Rollout 161792: ep_rew_mean = 0.0010, actions = {0: 1994, 1: 23, 2: 31}
2025-04-12 09:16:14,720 - Rollout 163840: ep_rew_mean = -0.0099, actions = {0: 1991, 1: 27, 2: 30}
2025-04-12 09:16:19,907 - Rollout 165888: ep_rew_mean = -0.0044, actions = {0: 2003, 1: 19, 2: 26}
2025-04-12 09:16:24,631 - Rollout 167936: ep_rew_mean = 0.0083, actions = {0: 2003, 1: 24, 2: 21}
2025-04-12 09:16:29,243 - Rollout 169984: ep_rew_mean = 0.0059, actions = {0: 2007, 1: 21, 2: 20}
2025-04-12 09:16:34,050 - Rollout 172032: ep_rew_mean = 0.0079, actions = {0: 1998, 1: 21, 2: 29}
2025-04-12 09:16:39,051 - Rollout 174080: ep_rew_mean = 0.0038, actions = {0: 2002, 1: 28, 2: 18}
2025-04-12 09:16:43,821 - Rollout 176128: ep_rew_mean = 0.0010, actions = {0: 2018, 1: 21, 2: 9}
2025-04-12 09:16:48,818 - Rollout 178176: ep_rew_mean = 0.0087, actions = {0: 2014, 1: 18, 2: 16}
2025-04-12 09:16:53,448 - Rollout 180224: ep_rew_mean = 0.0032, actions = {0: 2016, 1: 17, 2: 15}
2025-04-12 09:16:58,235 - Rollout 182272: ep_rew_mean = -0.0007, actions = {0: 2031, 1: 11, 2: 6}
2025-04-12 09:17:03,074 - Rollout 184320: ep_rew_mean = 0.0024, actions = {0: 2033, 1: 6, 2: 9}
2025-04-12 09:17:07,653 - Rollout 186368: ep_rew_mean = 0.0018, actions = {0: 2025, 1: 5, 2: 18}
2025-04-12 09:17:12,709 - Rollout 188416: ep_rew_mean = 0.0033, actions = {0: 2030, 1: 13, 2: 5}
2025-04-12 09:17:17,594 - Rollout 190464: ep_rew_mean = 0.0118, actions = {0: 2022, 1: 13, 2: 13}
2025-04-12 09:17:22,645 - Rollout 192512: ep_rew_mean = 0.0071, actions = {0: 2030, 1: 12, 2: 6}
2025-04-12 09:17:27,444 - Rollout 194560: ep_rew_mean = 0.0037, actions = {0: 2015, 1: 18, 2: 15}
2025-04-12 09:17:32,140 - Rollout 196608: ep_rew_mean = 0.0020, actions = {0: 2022, 1: 16, 2: 10}
2025-04-12 09:17:37,181 - Rollout 198656: ep_rew_mean = 0.0049, actions = {0: 2031, 1: 13, 2: 4}
2025-04-12 09:17:42,179 - Rollout 200704: ep_rew_mean = 0.0227, actions = {0: 2032, 1: 10, 2: 6}
2025-04-12 09:17:47,461 - Rollout 202752: ep_rew_mean = 0.0138, actions = {0: 2035, 1: 10, 2: 3}
2025-04-12 09:17:52,723 - Rollout 204800: ep_rew_mean = 0.0177, actions = {0: 2006, 1: 24, 2: 18}
2025-04-12 09:17:57,670 - Rollout 206848: ep_rew_mean = 0.0038, actions = {0: 2008, 1: 25, 2: 15}
2025-04-12 09:18:02,865 - Rollout 208896: ep_rew_mean = 0.0035, actions = {0: 2001, 1: 30, 2: 17}
2025-04-12 09:18:08,092 - Rollout 210944: ep_rew_mean = 0.0028, actions = {0: 1999, 1: 34, 2: 15}
2025-04-12 09:18:13,216 - Rollout 212992: ep_rew_mean = 0.0047, actions = {0: 2010, 1: 22, 2: 16}
2025-04-12 09:18:18,486 - Rollout 215040: ep_rew_mean = 0.0114, actions = {0: 2009, 1: 28, 2: 11}
2025-04-12 09:18:23,871 - Rollout 217088: ep_rew_mean = 0.0003, actions = {0: 2011, 1: 30, 2: 7}
2025-04-12 09:18:29,028 - Rollout 219136: ep_rew_mean = 0.0222, actions = {0: 2033, 1: 13, 2: 2}
2025-04-12 09:18:34,391 - Rollout 221184: ep_rew_mean = 0.0169, actions = {0: 2032, 1: 13, 2: 3}
2025-04-12 09:18:39,719 - Rollout 223232: ep_rew_mean = 0.0238, actions = {0: 2026, 1: 20, 2: 2}
2025-04-12 09:18:45,266 - Rollout 225280: ep_rew_mean = 0.0106, actions = {0: 2036, 1: 12, 2: 0}
2025-04-12 09:18:50,699 - Rollout 227328: ep_rew_mean = 0.0322, actions = {0: 2038, 1: 10, 2: 0}
2025-04-12 09:18:56,411 - Rollout 229376: ep_rew_mean = 0.0103, actions = {0: 2040, 1: 8, 2: 0}
2025-04-12 09:19:02,184 - Rollout 231424: ep_rew_mean = 0.0134, actions = {0: 2036, 1: 10, 2: 2}
2025-04-12 09:19:07,892 - Rollout 233472: ep_rew_mean = 0.0082, actions = {0: 2024, 1: 19, 2: 5}
2025-04-12 09:19:13,714 - Rollout 235520: ep_rew_mean = 0.0086, actions = {0: 2045, 1: 3, 2: 0}
2025-04-12 09:19:19,371 - Rollout 237568: ep_rew_mean = 0.0469, actions = {0: 2044, 1: 3, 2: 1}
2025-04-12 09:19:25,069 - Rollout 239616: ep_rew_mean = 0.0408, actions = {0: 2034, 1: 10, 2: 4}
2025-04-12 09:19:30,674 - Rollout 241664: ep_rew_mean = 0.0100, actions = {0: 2038, 1: 9, 2: 1}
2025-04-12 09:19:36,367 - Rollout 243712: ep_rew_mean = 0.0118, actions = {0: 2040, 1: 6, 2: 2}
2025-04-12 09:19:41,727 - Rollout 245760: ep_rew_mean = 0.0056, actions = {0: 2042, 1: 6, 2: 0}
2025-04-12 09:19:47,733 - Rollout 247808: ep_rew_mean = 0.0390, actions = {0: 2046, 1: 2, 2: 0}
2025-04-12 09:19:53,195 - Rollout 249856: ep_rew_mean = 0.0561, actions = {0: 2044, 1: 4, 2: 0}
2025-04-12 09:19:58,675 - Rollout 251904: ep_rew_mean = 0.0000, actions = {0: 2048, 1: 0, 2: 0}
2025-04-12 09:20:04,396 - Rollout 253952: ep_rew_mean = -0.0037, actions = {0: 1699, 1: 287, 2: 62}
2025-04-12 09:20:09,846 - Rollout 256000: ep_rew_mean = -0.0021, actions = {0: 1490, 1: 480, 2: 78}
2025-04-12 09:20:15,325 - Rollout 258048: ep_rew_mean = -0.0003, actions = {0: 1490, 1: 495, 2: 63}
2025-04-12 09:20:20,528 - Rollout 260096: ep_rew_mean = -0.0007, actions = {0: 1878, 1: 136, 2: 34}
2025-04-12 09:20:26,052 - Rollout 262144: ep_rew_mean = 0.0006, actions = {0: 1626, 1: 317, 2: 105}
2025-04-12 09:20:31,410 - Rollout 264192: ep_rew_mean = -0.0009, actions = {0: 1706, 1: 269, 2: 73}
2025-04-12 09:20:37,086 - Rollout 266240: ep_rew_mean = -0.0002, actions = {0: 1768, 1: 221, 2: 59}
2025-04-12 09:20:42,710 - Rollout 268288: ep_rew_mean = -0.0025, actions = {0: 1490, 1: 455, 2: 103}
2025-04-12 09:20:48,231 - Rollout 270336: ep_rew_mean = -0.0092, actions = {0: 1879, 1: 125, 2: 44}
2025-04-12 09:20:53,787 - Rollout 272384: ep_rew_mean = 0.0024, actions = {0: 1806, 1: 177, 2: 65}
2025-04-12 09:20:59,412 - Rollout 274432: ep_rew_mean = 0.0024, actions = {0: 1780, 1: 212, 2: 56}
2025-04-12 09:21:04,933 - Rollout 276480: ep_rew_mean = 0.0041, actions = {0: 1966, 1: 64, 2: 18}
2025-04-12 09:21:10,687 - Rollout 278528: ep_rew_mean = -0.0003, actions = {0: 1928, 1: 101, 2: 19}
2025-04-12 09:21:16,215 - Rollout 280576: ep_rew_mean = 0.0035, actions = {0: 1973, 1: 56, 2: 19}
2025-04-12 09:21:21,883 - Rollout 282624: ep_rew_mean = 0.0024, actions = {0: 1975, 1: 59, 2: 14}
2025-04-12 09:21:27,333 - Rollout 284672: ep_rew_mean = 0.0013, actions = {0: 1872, 1: 140, 2: 36}
2025-04-12 09:21:33,072 - Rollout 286720: ep_rew_mean = 0.0065, actions = {0: 2039, 1: 6, 2: 3}
2025-04-12 09:21:38,733 - Rollout 288768: ep_rew_mean = 0.0189, actions = {0: 2032, 1: 13, 2: 3}
2025-04-12 09:21:44,268 - Rollout 290816: ep_rew_mean = 0.0080, actions = {0: 2021, 1: 22, 2: 5}
2025-04-12 09:21:49,798 - Rollout 292864: ep_rew_mean = -0.0011, actions = {0: 1979, 1: 60, 2: 9}
2025-04-12 09:21:55,306 - Rollout 294912: ep_rew_mean = 0.0066, actions = {0: 2022, 1: 25, 2: 1}
2025-04-12 09:22:01,191 - Rollout 296960: ep_rew_mean = 0.0050, actions = {0: 2032, 1: 14, 2: 2}
2025-04-12 09:22:06,701 - Rollout 299008: ep_rew_mean = 0.0005, actions = {0: 2042, 1: 5, 2: 1}
2025-04-12 09:22:12,325 - Rollout 301056: ep_rew_mean = 0.0159, actions = {0: 2020, 1: 25, 2: 3}
2025-04-12 09:22:18,227 - Rollout 303104: ep_rew_mean = -0.0009, actions = {0: 2022, 1: 24, 2: 2}
2025-04-12 09:22:23,906 - Rollout 305152: ep_rew_mean = 0.0142, actions = {0: 2021, 1: 24, 2: 3}
2025-04-12 09:22:29,763 - Rollout 307200: ep_rew_mean = 0.0041, actions = {0: 1972, 1: 72, 2: 4}
2025-04-12 09:22:35,251 - Rollout 309248: ep_rew_mean = -0.0008, actions = {0: 1842, 1: 195, 2: 11}
2025-04-12 09:22:40,947 - Rollout 311296: ep_rew_mean = 0.0027, actions = {0: 2034, 1: 12, 2: 2}
2025-04-12 09:22:46,542 - Rollout 313344: ep_rew_mean = 0.0026, actions = {0: 1962, 1: 76, 2: 10}
2025-04-12 09:22:52,017 - Rollout 315392: ep_rew_mean = 0.0003, actions = {0: 2026, 1: 20, 2: 2}
2025-04-12 09:22:57,671 - Rollout 317440: ep_rew_mean = 0.0071, actions = {0: 2020, 1: 27, 2: 1}
2025-04-12 09:23:03,551 - Rollout 319488: ep_rew_mean = 0.0003, actions = {0: 1864, 1: 168, 2: 16}
2025-04-12 09:23:09,085 - Rollout 321536: ep_rew_mean = 0.0047, actions = {0: 2045, 1: 3, 2: 0}
2025-04-12 09:23:14,804 - Rollout 323584: ep_rew_mean = 0.0203, actions = {0: 2030, 1: 13, 2: 5}
2025-04-12 09:23:20,280 - Rollout 325632: ep_rew_mean = 0.0016, actions = {0: 2010, 1: 34, 2: 4}
2025-04-12 09:23:25,968 - Rollout 327680: ep_rew_mean = -0.0005, actions = {0: 1960, 1: 82, 2: 6}
2025-04-12 09:23:31,324 - Rollout 329728: ep_rew_mean = 0.0025, actions = {0: 2024, 1: 24, 2: 0}
2025-04-12 09:23:36,983 - Rollout 331776: ep_rew_mean = 0.0033, actions = {0: 2020, 1: 27, 2: 1}
2025-04-12 09:23:42,790 - Rollout 333824: ep_rew_mean = 0.0018, actions = {0: 2032, 1: 12, 2: 4}
2025-04-12 09:23:48,544 - Rollout 335872: ep_rew_mean = 0.0039, actions = {0: 1950, 1: 86, 2: 12}
2025-04-12 09:23:54,079 - Rollout 337920: ep_rew_mean = 0.0004, actions = {0: 1982, 1: 60, 2: 6}
2025-04-12 09:23:59,800 - Rollout 339968: ep_rew_mean = 0.0163, actions = {0: 2037, 1: 9, 2: 2}
2025-04-12 09:24:05,285 - Rollout 342016: ep_rew_mean = 0.0002, actions = {0: 2004, 1: 38, 2: 6}
2025-04-12 09:24:11,028 - Rollout 344064: ep_rew_mean = 0.0001, actions = {0: 1872, 1: 175, 2: 1}
2025-04-12 09:24:16,628 - Rollout 346112: ep_rew_mean = -0.0014, actions = {0: 2040, 1: 8, 2: 0}
2025-04-12 09:24:23,694 - Rollout 348160: ep_rew_mean = -0.0043, actions = {0: 1090, 1: 928, 2: 30}
2025-04-12 09:24:29,514 - Rollout 350208: ep_rew_mean = -0.0115, actions = {0: 1505, 1: 531, 2: 12}
2025-04-12 09:24:35,244 - Rollout 352256: ep_rew_mean = -0.0010, actions = {0: 1550, 1: 480, 2: 18}
2025-04-12 09:24:40,993 - Rollout 354304: ep_rew_mean = -0.0033, actions = {0: 1198, 1: 842, 2: 8}
2025-04-12 09:24:46,516 - Rollout 356352: ep_rew_mean = -0.0119, actions = {0: 1606, 1: 433, 2: 9}
2025-04-12 09:24:52,145 - Rollout 358400: ep_rew_mean = -0.0020, actions = {0: 1502, 1: 533, 2: 13}
2025-04-12 09:24:57,595 - Rollout 360448: ep_rew_mean = -0.0126, actions = {0: 1228, 1: 810, 2: 10}
2025-04-12 09:25:03,967 - Rollout 362496: ep_rew_mean = 0.0015, actions = {0: 1808, 1: 232, 2: 8}
2025-04-12 09:25:09,476 - Rollout 364544: ep_rew_mean = -0.0021, actions = {0: 1490, 1: 543, 2: 15}
2025-04-12 09:25:15,341 - Rollout 366592: ep_rew_mean = -0.0119, actions = {0: 1380, 1: 655, 2: 13}
2025-04-12 09:25:21,138 - Rollout 368640: ep_rew_mean = 0.0003, actions = {0: 1766, 1: 272, 2: 10}
2025-04-12 09:25:26,833 - Rollout 370688: ep_rew_mean = -0.0016, actions = {0: 1543, 1: 485, 2: 20}
2025-04-12 09:25:32,393 - Rollout 372736: ep_rew_mean = -0.0114, actions = {0: 1525, 1: 513, 2: 10}
2025-04-12 09:25:37,813 - Rollout 374784: ep_rew_mean = 0.0021, actions = {0: 1869, 1: 170, 2: 9}
2025-04-12 09:25:43,352 - Rollout 376832: ep_rew_mean = -0.0013, actions = {0: 1675, 1: 361, 2: 12}
2025-04-12 09:25:48,755 - Rollout 378880: ep_rew_mean = -0.0022, actions = {0: 1636, 1: 401, 2: 11}
2025-04-12 09:25:54,274 - Rollout 380928: ep_rew_mean = 0.0030, actions = {0: 1838, 1: 202, 2: 8}
2025-04-12 09:26:00,192 - Rollout 382976: ep_rew_mean = -0.0007, actions = {0: 1856, 1: 190, 2: 2}
2025-04-12 09:26:05,743 - Rollout 385024: ep_rew_mean = 0.0017, actions = {0: 1958, 1: 88, 2: 2}
2025-04-12 09:26:11,195 - Rollout 387072: ep_rew_mean = -0.0002, actions = {0: 1679, 1: 357, 2: 12}
2025-04-12 09:26:16,791 - Rollout 389120: ep_rew_mean = -0.0020, actions = {0: 1789, 1: 254, 2: 5}
2025-04-12 09:26:22,362 - Rollout 391168: ep_rew_mean = 0.0030, actions = {0: 1954, 1: 89, 2: 5}
2025-04-12 09:26:27,861 - Rollout 393216: ep_rew_mean = -0.0008, actions = {0: 1788, 1: 251, 2: 9}
2025-04-12 09:26:33,244 - Rollout 395264: ep_rew_mean = -0.0016, actions = {0: 2000, 1: 46, 2: 2}
2025-04-12 09:26:39,078 - Rollout 397312: ep_rew_mean = 0.0033, actions = {0: 1910, 1: 136, 2: 2}
2025-04-12 09:26:44,782 - Rollout 399360: ep_rew_mean = 0.0017, actions = {0: 1986, 1: 60, 2: 2}
2025-04-12 09:26:50,265 - Rollout 401408: ep_rew_mean = 0.0010, actions = {0: 2022, 1: 23, 2: 3}
2025-04-12 09:26:55,974 - Rollout 403456: ep_rew_mean = 0.0079, actions = {0: 1874, 1: 171, 2: 3}
2025-04-12 09:27:01,833 - Rollout 405504: ep_rew_mean = -0.0108, actions = {0: 2017, 1: 31, 2: 0}
2025-04-12 09:27:07,488 - Rollout 407552: ep_rew_mean = 0.0133, actions = {0: 2038, 1: 10, 2: 0}
2025-04-12 09:27:13,131 - Rollout 409600: ep_rew_mean = 0.0028, actions = {0: 2018, 1: 30, 2: 0}
2025-04-12 09:27:18,863 - Rollout 411648: ep_rew_mean = 0.0014, actions = {0: 1974, 1: 72, 2: 2}
2025-04-12 09:27:24,510 - Rollout 413696: ep_rew_mean = 0.0010, actions = {0: 2036, 1: 11, 2: 1}
2025-04-12 09:27:30,320 - Rollout 415744: ep_rew_mean = 0.0011, actions = {0: 2036, 1: 10, 2: 2}
2025-04-12 09:27:36,205 - Rollout 417792: ep_rew_mean = 0.0086, actions = {0: 2046, 1: 2, 2: 0}
2025-04-12 09:27:41,974 - Rollout 419840: ep_rew_mean = 0.0121, actions = {0: 1988, 1: 59, 2: 1}
2025-04-12 09:27:47,704 - Rollout 421888: ep_rew_mean = -0.0016, actions = {0: 1980, 1: 66, 2: 2}
2025-04-12 09:27:53,398 - Rollout 423936: ep_rew_mean = 0.0417, actions = {0: 2047, 1: 1, 2: 0}
2025-04-12 09:27:59,193 - Rollout 425984: ep_rew_mean = 0.1020, actions = {0: 2048, 1: 0, 2: 0}
2025-04-12 09:28:04,957 - Rollout 428032: ep_rew_mean = 0.0822, actions = {0: 2026, 1: 22, 2: 0}
2025-04-12 09:28:10,646 - Rollout 430080: ep_rew_mean = 0.0000, actions = {0: 2048, 1: 0, 2: 0}
2025-04-12 09:28:16,460 - Rollout 432128: ep_rew_mean = 0.0024, actions = {0: 2042, 1: 6, 2: 0}
2025-04-12 09:28:22,276 - Rollout 434176: ep_rew_mean = -0.0001, actions = {0: 2002, 1: 46, 2: 0}
2025-04-12 09:28:27,998 - Rollout 436224: ep_rew_mean = 0.0007, actions = {0: 2002, 1: 45, 2: 1}
2025-04-12 09:28:33,835 - Rollout 438272: ep_rew_mean = 0.0000, actions = {0: 1498, 1: 542, 2: 8}
2025-04-12 09:28:39,307 - Rollout 440320: ep_rew_mean = 0.0019, actions = {0: 1991, 1: 57, 2: 0}
2025-04-12 09:28:44,781 - Rollout 442368: ep_rew_mean = 0.0022, actions = {0: 1964, 1: 81, 2: 3}
2025-04-12 09:28:50,464 - Rollout 444416: ep_rew_mean = 0.0005, actions = {0: 1804, 1: 241, 2: 3}
2025-04-12 09:28:55,941 - Rollout 446464: ep_rew_mean = -0.0007, actions = {0: 2022, 1: 25, 2: 1}
2025-04-12 09:29:01,521 - Rollout 448512: ep_rew_mean = -0.0049, actions = {0: 1120, 1: 924, 2: 4}
2025-04-12 09:29:07,172 - Rollout 450560: ep_rew_mean = -0.0027, actions = {0: 1504, 1: 541, 2: 3}
2025-04-12 09:29:12,685 - Rollout 452608: ep_rew_mean = -0.0095, actions = {0: 1698, 1: 348, 2: 2}
2025-04-12 09:29:18,281 - Rollout 454656: ep_rew_mean = -0.0040, actions = {0: 1396, 1: 650, 2: 2}
2025-04-12 09:29:23,886 - Rollout 456704: ep_rew_mean = -0.0036, actions = {0: 1344, 1: 698, 2: 6}
2025-04-12 09:29:29,472 - Rollout 458752: ep_rew_mean = -0.0093, actions = {0: 1899, 1: 147, 2: 2}
2025-04-12 09:29:35,044 - Rollout 460800: ep_rew_mean = -0.0013, actions = {0: 1550, 1: 493, 2: 5}
2025-04-12 09:29:40,788 - Rollout 462848: ep_rew_mean = -0.0034, actions = {0: 1396, 1: 645, 2: 7}
2025-04-12 09:29:46,373 - Rollout 464896: ep_rew_mean = 0.0002, actions = {0: 1920, 1: 126, 2: 2}
2025-04-12 09:29:51,958 - Rollout 466944: ep_rew_mean = -0.0024, actions = {0: 1770, 1: 276, 2: 2}
2025-04-12 09:29:57,421 - Rollout 468992: ep_rew_mean = -0.0008, actions = {0: 1924, 1: 120, 2: 4}
2025-04-12 09:30:03,041 - Rollout 471040: ep_rew_mean = -0.0022, actions = {0: 1972, 1: 76, 2: 0}
2025-04-12 09:30:08,605 - Rollout 473088: ep_rew_mean = 0.0025, actions = {0: 1928, 1: 117, 2: 3}
2025-04-12 09:30:14,095 - Rollout 475136: ep_rew_mean = -0.0005, actions = {0: 1764, 1: 281, 2: 3}
2025-04-12 09:30:19,588 - Rollout 477184: ep_rew_mean = -0.0016, actions = {0: 1974, 1: 74, 2: 0}
2025-04-12 09:30:25,023 - Rollout 479232: ep_rew_mean = 0.0015, actions = {0: 1876, 1: 171, 2: 1}
2025-04-12 09:30:30,823 - Rollout 481280: ep_rew_mean = 0.0005, actions = {0: 1972, 1: 73, 2: 3}
2025-04-12 09:30:36,677 - Rollout 483328: ep_rew_mean = 0.0020, actions = {0: 2008, 1: 40, 2: 0}
2025-04-12 09:30:42,213 - Rollout 485376: ep_rew_mean = 0.0014, actions = {0: 1612, 1: 434, 2: 2}
2025-04-12 09:30:47,979 - Rollout 487424: ep_rew_mean = -0.0013, actions = {0: 1992, 1: 56, 2: 0}
2025-04-12 09:30:53,628 - Rollout 489472: ep_rew_mean = 0.0120, actions = {0: 2019, 1: 29, 2: 0}
2025-04-12 09:30:59,259 - Rollout 491520: ep_rew_mean = 0.0054, actions = {0: 1998, 1: 50, 2: 0}
2025-04-12 09:31:04,954 - Rollout 493568: ep_rew_mean = 0.0016, actions = {0: 1900, 1: 148, 2: 0}
2025-04-12 09:31:10,689 - Rollout 495616: ep_rew_mean = 0.0007, actions = {0: 2030, 1: 18, 2: 0}
2025-04-12 09:31:16,263 - Rollout 497664: ep_rew_mean = 0.0000, actions = {0: 1980, 1: 65, 2: 3}
2025-04-12 09:31:21,887 - Rollout 499712: ep_rew_mean = 0.0003, actions = {0: 2030, 1: 16, 2: 2}
2025-04-12 09:31:27,681 - Rollout 501760: ep_rew_mean = 0.0024, actions = {0: 2032, 1: 16, 2: 0}
2025-04-12 09:31:29,530 - Training complete. Model saved to models/saved_models/ppo_EURUSD_2025/ppo_EURUSD_2025.zip
